ROE | ABB | Engine=22.41 | Source=34.90 | Difference=12.49
ROCE | ABB | Engine=28.28 | Source=46.00 | Difference=17.72
ROE | ABB | Engine=25.13 | Source=34.90 | Difference=9.77
ROCE | ABB | Engine=31.09 | Source=46.00 | Difference=14.91
ROE | ABB | Engine=25.13 | Source=34.90 | Difference=9.77
ROCE | ABB | Engine=31.09 | Source=46.00 | Difference=14.91
ROE | ABB | Engine=24.44 | Source=34.90 | Difference=10.46
ROCE | ABB | Engine=31.70 | Source=46.00 | Difference=14.30
ROE | ABB | Engine=24.44 | Source=34.90 | Difference=10.46
ROCE | ABB | Engine=31.70 | Source=46.00 | Difference=14.30
ROE | ABB | Engine=21.34 | Source=34.90 | Difference=13.56
ROCE | ABB | Engine=29.37 | Source=46.00 | Difference=16.63
ROE | ABB | Engine=21.34 | Source=34.90 | Difference=13.56
ROCE | ABB | Engine=29.37 | Source=46.00 | Difference=16.63
ROE | ABB | Engine=19.97 | Source=34.90 | Difference=14.93
ROCE | ABB | Engine=27.54 | Source=46.00 | Difference=18.46
ROE | ABB | Engine=19.97 | Source=34.90 | Difference=14.93
ROCE | ABB | Engine=27.54 | Source=46.00 | Difference=18.46
ROE | ABB | Engine=23.69 | Source=34.90 | Difference=11.21
ROCE | ABB | Engine=30.06 | Source=46.00 | Difference=15.94
ROE | ABB | Engine=23.69 | Source=34.90 | Difference=11.21
ROCE | ABB | Engine=30.06 | Source=46.00 | Difference=15.94
ROE | ABB | Engine=22.41 | Source=34.90 | Difference=12.49
ROCE | ABB | Engine=29.28 | Source=46.00 | Difference=16.72
ROE | ABB | Engine=22.41 | Source=34.90 | Difference=12.49
ROCE | ABB | Engine=29.28 | Source=46.00 | Difference=16.72
ROE | ABB | Engine=24.39 | Source=34.90 | Difference=10.51
ROCE | ABB | Engine=26.75 | Source=46.00 | Difference=19.25
ROE | ABB | Engine=24.39 | Source=34.90 | Difference=10.51
ROCE | ABB | Engine=26.75 | Source=46.00 | Difference=19.25
ROE | ABB | Engine=26.56 | Source=34.90 | Difference=8.34
ROCE | ABB | Engine=31.36 | Source=46.00 | Difference=14.64
ROE | ABB | Engine=26.56 | Source=34.90 | Difference=8.34
ROCE | ABB | Engine=31.36 | Source=46.00 | Difference=14.64
ROE | ABB | Engine=28.33 | Source=34.90 | Difference=6.57
ROCE | ABB | Engine=34.19 | Source=46.00 | Difference=11.81
ROE | ABB | Engine=28.33 | Source=34.90 | Difference=6.57
ROCE | ABB | Engine=34.19 | Source=46.00 | Difference=11.81
ROE | ABB | Engine=29.77 | Source=34.90 | Difference=5.13
ROCE | ABB | Engine=34.41 | Source=46.00 | Difference=11.59
ROE | ABB | Engine=29.77 | Source=34.90 | Difference=5.13
ROCE | ABB | Engine=34.41 | Source=46.00 | Difference=11.59
ROCE | ABB | Engine=36.54 | Source=46.00 | Difference=9.46
ROCE | ABB | Engine=36.54 | Source=46.00 | Difference=9.46
ROE | ADANIENSOL | Engine=0.00 | Source=8.59 | Difference=8.59
ROCE | ADANIENSOL | Engine=0.00 | Source=9.00 | Difference=9.00
ROE | ADANIENSOL | Engine=-0.65 | Source=8.59 | Difference=9.24
ROCE | ADANIENSOL | Engine=0.59 | Source=9.00 | Difference=8.41
ROE | ADANIENSOL | Engine=13.77 | Source=8.59 | Difference=5.18
ROE | ADANIENSOL | Engine=14.12 | Source=8.59 | Difference=5.53
ROE | ADANIENSOL | Engine=18.87 | Source=8.59 | Difference=10.28
ROE | ADANIENSOL | Engine=14.46 | Source=8.59 | Difference=5.87
ROE | ADANIENT | Engine=5.69 | Source=13.64 | Difference=7.95
ROCE | ADANIENT | Engine=4.10 | Source=11.60 | Difference=7.50
ROCE | ADANIENT | Engine=6.43 | Source=11.60 | Difference=5.17
ROE | ADANIENT | Engine=7.47 | Source=13.64 | Difference=6.17
ROCE | ADANIENT | Engine=4.21 | Source=11.60 | Difference=7.39
ROE | ADANIENT | Engine=6.54 | Source=13.64 | Difference=7.10
ROCE | ADANIENT | Engine=4.54 | Source=11.60 | Difference=7.06
ROE | ADANIENT | Engine=3.94 | Source=13.64 | Difference=9.70
ROCE | ADANIENT | Engine=4.20 | Source=11.60 | Difference=7.40
ROE | ADANIENT | Engine=3.43 | Source=13.64 | Difference=10.21
ROCE | ADANIENT | Engine=6.07 | Source=11.60 | Difference=5.53
ROE | ADANIENT | Engine=6.14 | Source=13.64 | Difference=7.50
ROCE | ADANIENT | Engine=6.20 | Source=11.60 | Difference=5.40
ROE | ADANIENT | Engine=6.10 | Source=13.64 | Difference=7.54
ROCE | ADANIENT | Engine=5.90 | Source=11.60 | Difference=5.70
ROE | ADANIENT | Engine=3.54 | Source=13.64 | Difference=10.10
ROCE | ADANIENT | Engine=3.86 | Source=11.60 | Difference=7.74
ROE | ADANIENT | Engine=7.33 | Source=13.64 | Difference=6.31
ROE | ADANIENT | Engine=8.53 | Source=13.64 | Difference=5.11
ROE | ADANIGREEN | Engine=-3.91 | Source=14.70 | Difference=18.61
ROCE | ADANIGREEN | Engine=1.26 | Source=96.50 | Difference=95.24
ROE | ADANIGREEN | Engine=-10.29 | Source=14.70 | Difference=24.99
ROCE | ADANIGREEN | Engine=2.68 | Source=96.50 | Difference=93.82
ROE | ADANIGREEN | Engine=-24.57 | Source=14.70 | Difference=39.27
ROCE | ADANIGREEN | Engine=3.55 | Source=96.50 | Difference=92.95
ROE | ADANIGREEN | Engine=-2.89 | Source=14.70 | Difference=17.59
ROCE | ADANIGREEN | Engine=6.13 | Source=96.50 | Difference=90.37
ROE | ADANIGREEN | Engine=8.27 | Source=14.70 | Difference=6.43
ROCE | ADANIGREEN | Engine=6.65 | Source=96.50 | Difference=89.85
ROCE | ADANIGREEN | Engine=4.80 | Source=96.50 | Difference=91.70
ROCE | ADANIGREEN | Engine=5.96 | Source=96.50 | Difference=90.54
ROCE | ADANIGREEN | Engine=7.25 | Source=96.50 | Difference=89.25
ROE | ADANIPORTS | Engine=25.63 | Source=18.10 | Difference=7.53
ROE | ADANIPORTS | Engine=25.63 | Source=18.10 | Difference=7.53
ROCE | ADANIPORTS | Engine=7.66 | Source=12.90 | Difference=5.24
ROCE | ADANIPORTS | Engine=7.66 | Source=12.90 | Difference=5.24
ROE | ADANIPORTS | Engine=11.84 | Source=18.10 | Difference=6.26
ROCE | ADANIPORTS | Engine=7.16 | Source=12.90 | Difference=5.74
ROE | ADANIPORTS | Engine=11.84 | Source=18.10 | Difference=6.26
ROCE | ADANIPORTS | Engine=7.16 | Source=12.90 | Difference=5.74
ROE | ADANIPORTS | Engine=11.88 | Source=18.10 | Difference=6.22
ROCE | ADANIPORTS | Engine=7.61 | Source=12.90 | Difference=5.29
ROE | ADANIPORTS | Engine=11.88 | Source=18.10 | Difference=6.22
ROCE | ADANIPORTS | Engine=7.61 | Source=12.90 | Difference=5.29
ROE | ADANIPOWER | Engine=-53.46 | Source=57.10 | Difference=110.56
ROCE | ADANIPOWER | Engine=-0.72 | Source=32.20 | Difference=32.92
ROE | ADANIPOWER | Engine=-4.45 | Source=57.10 | Difference=61.55
ROCE | ADANIPOWER | Engine=5.24 | Source=32.20 | Difference=26.96
ROE | ADANIPOWER | Engine=-14.25 | Source=57.10 | Difference=71.35
ROCE | ADANIPOWER | Engine=5.67 | Source=32.20 | Difference=26.53
ROE | ADANIPOWER | Engine=7.38 | Source=57.10 | Difference=49.72
ROCE | ADANIPOWER | Engine=10.19 | Source=32.20 | Difference=22.01
ROE | ADANIPOWER | Engine=-205.80 | Source=57.10 | Difference=262.90
ROCE | ADANIPOWER | Engine=5.96 | Source=32.20 | Difference=26.24
ROE | ADANIPOWER | Engine=-236.56 | Source=57.10 | Difference=293.66
ROCE | ADANIPOWER | Engine=5.09 | Source=32.20 | Difference=27.11
ROE | ADANIPOWER | Engine=-12.76 | Source=57.10 | Difference=69.86
ROCE | ADANIPOWER | Engine=4.08 | Source=32.20 | Difference=28.12
ROE | ADANIPOWER | Engine=-35.10 | Source=57.10 | Difference=92.20
ROCE | ADANIPOWER | Engine=4.42 | Source=32.20 | Difference=27.78
ROE | ADANIPOWER | Engine=9.69 | Source=57.10 | Difference=47.41
ROCE | ADANIPOWER | Engine=8.36 | Source=32.20 | Difference=23.84
ROE | ADANIPOWER | Engine=26.61 | Source=57.10 | Difference=30.49
ROCE | ADANIPOWER | Engine=10.00 | Source=32.20 | Difference=22.20
ROE | ADANIPOWER | Engine=35.91 | Source=57.10 | Difference=21.19
ROCE | ADANIPOWER | Engine=9.40 | Source=32.20 | Difference=22.80
ROE | ADANIPOWER | Engine=48.28 | Source=57.10 | Difference=8.82
ROCE | ADANIPOWER | Engine=18.39 | Source=32.20 | Difference=13.81
ROE | AMBUJACEM | Engine=14.69 | Source=9.24 | Difference=5.45
ROCE | AMBUJACEM | Engine=21.50 | Source=12.80 | Difference=8.70
ROE | AMBUJACEM | Engine=14.77 | Source=9.24 | Difference=5.53
ROE | AMBUJACEM | Engine=14.64 | Source=9.24 | Difference=5.40
ROCE | AMBUJACEM | Engine=19.58 | Source=12.80 | Difference=6.78
ROCE | APOLLOHOSP | Engine=11.87 | Source=17.20 | Difference=5.33
ROCE | APOLLOHOSP | Engine=11.76 | Source=17.20 | Difference=5.44
ROCE | APOLLOHOSP | Engine=10.17 | Source=17.20 | Difference=7.03
ROE | APOLLOHOSP | Engine=7.05 | Source=13.81 | Difference=6.76
ROCE | APOLLOHOSP | Engine=6.81 | Source=17.20 | Difference=10.39
ROE | APOLLOHOSP | Engine=3.95 | Source=13.81 | Difference=9.86
ROCE | APOLLOHOSP | Engine=6.52 | Source=17.20 | Difference=10.68
ROE | APOLLOHOSP | Engine=1.85 | Source=13.81 | Difference=11.96
ROCE | APOLLOHOSP | Engine=6.62 | Source=17.20 | Difference=10.58
ROE | APOLLOHOSP | Engine=6.00 | Source=13.81 | Difference=7.81
ROCE | APOLLOHOSP | Engine=9.62 | Source=17.20 | Difference=7.58
ROE | APOLLOHOSP | Engine=2.98 | Source=13.81 | Difference=10.83
ROCE | APOLLOHOSP | Engine=6.47 | Source=17.20 | Difference=10.73
ROE | APOLLOHOSP | Engine=19.70 | Source=13.81 | Difference=5.89
ROCE | ASIANPAINT | Engine=35.76 | Source=41.75 | Difference=5.99
ROCE | ASIANPAINT | Engine=35.76 | Source=41.75 | Difference=5.99
ROCE | ASIANPAINT | Engine=32.57 | Source=41.75 | Difference=9.18
ROCE | ASIANPAINT | Engine=32.57 | Source=41.75 | Difference=9.18
ROE | ASIANPAINT | Engine=24.95 | Source=31.45 | Difference=6.50
ROCE | ASIANPAINT | Engine=31.80 | Source=41.75 | Difference=9.95
ROE | ASIANPAINT | Engine=24.95 | Source=31.45 | Difference=6.50
ROCE | ASIANPAINT | Engine=31.80 | Source=41.75 | Difference=9.95
ROE | ASIANPAINT | Engine=23.31 | Source=31.45 | Difference=8.14
ROCE | ASIANPAINT | Engine=29.13 | Source=41.75 | Difference=12.62
ROE | ASIANPAINT | Engine=23.31 | Source=31.45 | Difference=8.14
ROCE | ASIANPAINT | Engine=29.13 | Source=41.75 | Difference=12.62
ROCE | ASIANPAINT | Engine=30.02 | Source=41.75 | Difference=11.73
ROCE | ASIANPAINT | Engine=30.02 | Source=41.75 | Difference=11.73
ROE | ASIANPAINT | Engine=25.04 | Source=31.45 | Difference=6.41
ROCE | ASIANPAINT | Engine=29.25 | Source=41.75 | Difference=12.50
ROE | ASIANPAINT | Engine=25.04 | Source=31.45 | Difference=6.41
ROCE | ASIANPAINT | Engine=29.25 | Source=41.75 | Difference=12.50
ROE | ASIANPAINT | Engine=22.34 | Source=31.45 | Difference=9.11
ROCE | ASIANPAINT | Engine=25.90 | Source=41.75 | Difference=15.85
ROE | ASIANPAINT | Engine=22.34 | Source=31.45 | Difference=9.11
ROCE | ASIANPAINT | Engine=25.90 | Source=41.75 | Difference=15.85
ROE | ASIANPAINT | Engine=26.23 | Source=31.45 | Difference=5.22
ROCE | ASIANPAINT | Engine=30.14 | Source=41.75 | Difference=11.61
ROE | ASIANPAINT | Engine=26.23 | Source=31.45 | Difference=5.22
ROCE | ASIANPAINT | Engine=30.14 | Source=41.75 | Difference=11.61
ROCE | ASIANPAINT | Engine=31.75 | Source=41.75 | Difference=10.00
ROCE | ASIANPAINT | Engine=31.75 | Source=41.75 | Difference=10.00
ROCE | ATGL | Engine=12.92 | Source=21.20 | Difference=8.28
ROE | ATGL | Engine=29.64 | Source=20.50 | Difference=9.14
ROCE | ATGL | Engine=28.65 | Source=21.20 | Difference=7.45
ROE | AXISBANK | Engine=6.53 | Source=18.40 | Difference=11.87
ROE | AXISBANK | Engine=0.43 | Source=18.40 | Difference=17.97
ROE | AXISBANK | Engine=6.90 | Source=18.40 | Difference=11.50
ROE | AXISBANK | Engine=1.88 | Source=18.40 | Difference=16.52
ROE | AXISBANK | Engine=6.36 | Source=18.40 | Difference=12.04
ROE | AXISBANK | Engine=11.01 | Source=18.40 | Difference=7.39
ROE | AXISBANK | Engine=7.38 | Source=18.40 | Difference=11.02
ROCE | AXISBANK | Engine=1.25 | Source=7.06 | Difference=5.81
ROE | BAJAJ-AUTO | Engine=38.85 | Source=26.50 | Difference=12.35
ROCE | BAJAJ-AUTO | Engine=42.64 | Source=33.50 | Difference=9.14
ROE | BAJAJ-AUTO | Engine=38.85 | Source=26.50 | Difference=12.35
ROCE | BAJAJ-AUTO | Engine=42.64 | Source=33.50 | Difference=9.14
ROE | BAJAJ-AUTO | Engine=33.24 | Source=26.50 | Difference=6.74
ROCE | BAJAJ-AUTO | Engine=38.94 | Source=33.50 | Difference=5.44
ROE | BAJAJ-AUTO | Engine=33.24 | Source=26.50 | Difference=6.74
ROCE | BAJAJ-AUTO | Engine=38.94 | Source=33.50 | Difference=5.44
ROCE | BAJAJ-AUTO | Engine=22.93 | Source=33.50 | Difference=10.57
ROCE | BAJAJ-AUTO | Engine=22.93 | Source=33.50 | Difference=10.57
ROE | BAJAJ-AUTO | Engine=20.66 | Source=26.50 | Difference=5.84
ROCE | BAJAJ-AUTO | Engine=22.05 | Source=33.50 | Difference=11.45
ROE | BAJAJ-AUTO | Engine=20.66 | Source=26.50 | Difference=5.84
ROCE | BAJAJ-AUTO | Engine=22.05 | Source=33.50 | Difference=11.45
ROE | BAJAJ-AUTO | Engine=21.21 | Source=26.50 | Difference=5.29
ROCE | BAJAJ-AUTO | Engine=21.11 | Source=33.50 | Difference=12.39
ROE | BAJAJ-AUTO | Engine=21.21 | Source=26.50 | Difference=5.29
ROCE | BAJAJ-AUTO | Engine=21.11 | Source=33.50 | Difference=12.39
ROCE | BAJAJ-AUTO | Engine=22.32 | Source=33.50 | Difference=11.18
ROCE | BAJAJ-AUTO | Engine=22.32 | Source=33.50 | Difference=11.18
ROE | BAJAJ-AUTO | Engine=17.81 | Source=26.50 | Difference=8.69
ROCE | BAJAJ-AUTO | Engine=17.08 | Source=33.50 | Difference=16.42
ROE | BAJAJ-AUTO | Engine=17.81 | Source=26.50 | Difference=8.69
ROCE | BAJAJ-AUTO | Engine=17.08 | Source=33.50 | Difference=16.42
ROE | BAJAJ-AUTO | Engine=20.65 | Source=26.50 | Difference=5.85
ROCE | BAJAJ-AUTO | Engine=16.64 | Source=33.50 | Difference=16.86
ROE | BAJAJ-AUTO | Engine=20.65 | Source=26.50 | Difference=5.85
ROCE | BAJAJ-AUTO | Engine=16.64 | Source=33.50 | Difference=16.86
ROE | BAJAJ-AUTO | Engine=20.64 | Source=26.50 | Difference=5.86
ROCE | BAJAJ-AUTO | Engine=20.96 | Source=33.50 | Difference=12.54
ROE | BAJAJ-AUTO | Engine=20.64 | Source=26.50 | Difference=5.86
ROCE | BAJAJ-AUTO | Engine=20.96 | Source=33.50 | Difference=12.54
ROCE | BAJAJ-AUTO | Engine=27.21 | Source=33.50 | Difference=6.29
ROCE | BAJAJ-AUTO | Engine=27.21 | Source=33.50 | Difference=6.29
ROE | BAJAJFINSV | Engine=28.38 | Source=11.72 | Difference=16.66
ROE | BAJAJFINSV | Engine=23.53 | Source=11.72 | Difference=11.81
ROCE | BAJAJFINSV | Engine=15.48 | Source=21.14 | Difference=5.66
ROE | BAJAJFINSV | Engine=21.72 | Source=11.72 | Difference=10.00
ROCE | BAJAJFINSV | Engine=14.63 | Source=21.14 | Difference=6.51
ROE | BAJAJFINSV | Engine=20.41 | Source=11.72 | Difference=8.69
ROCE | BAJAJFINSV | Engine=13.45 | Source=21.14 | Difference=7.69
ROE | BAJAJFINSV | Engine=21.36 | Source=11.72 | Difference=9.64
ROCE | BAJAJFINSV | Engine=13.41 | Source=21.14 | Difference=7.73
ROE | BAJAJFINSV | Engine=20.39 | Source=11.72 | Difference=8.67
ROCE | BAJAJFINSV | Engine=12.33 | Source=21.14 | Difference=8.81
ROE | BAJAJFINSV | Engine=22.64 | Source=11.72 | Difference=10.92
ROCE | BAJAJFINSV | Engine=11.99 | Source=21.14 | Difference=9.15
ROE | BAJAJFINSV | Engine=19.15 | Source=11.72 | Difference=7.43
ROCE | BAJAJFINSV | Engine=11.23 | Source=21.14 | Difference=9.91
ROE | BAJAJFINSV | Engine=20.56 | Source=11.72 | Difference=8.84
ROCE | BAJAJFINSV | Engine=11.65 | Source=21.14 | Difference=9.49
ROE | BAJAJFINSV | Engine=20.66 | Source=11.72 | Difference=8.94
ROCE | BAJAJFINSV | Engine=10.37 | Source=21.14 | Difference=10.77
ROE | BAJAJFINSV | Engine=26.31 | Source=11.72 | Difference=14.59
ROCE | BAJAJFINSV | Engine=11.28 | Source=21.14 | Difference=9.86
ROE | BAJAJFINSV | Engine=25.85 | Source=11.72 | Difference=14.13
ROCE | BAJAJFINSV | Engine=11.45 | Source=21.14 | Difference=9.69
ROCE | BAJAJHLDNG | Engine=3.09 | Source=13.10 | Difference=10.01
ROCE | BAJAJHLDNG | Engine=3.29 | Source=13.10 | Difference=9.81
ROCE | BAJAJHLDNG | Engine=3.57 | Source=13.10 | Difference=9.53
ROCE | BAJAJHLDNG | Engine=2.77 | Source=13.10 | Difference=10.33
ROCE | BAJAJHLDNG | Engine=3.50 | Source=13.10 | Difference=9.60
ROCE | BAJAJHLDNG | Engine=1.39 | Source=13.10 | Difference=11.71
ROCE | BAJAJHLDNG | Engine=1.27 | Source=13.10 | Difference=11.83
ROCE | BAJAJHLDNG | Engine=0.96 | Source=13.10 | Difference=12.14
ROCE | BAJAJHLDNG | Engine=0.85 | Source=13.10 | Difference=12.25
ROE | BAJAJHLDNG | Engine=9.63 | Source=14.80 | Difference=5.17
ROCE | BAJAJHLDNG | Engine=0.78 | Source=13.10 | Difference=12.32
ROCE | BAJAJHLDNG | Engine=0.78 | Source=13.10 | Difference=12.32
ROCE | BAJAJHLDNG | Engine=2.81 | Source=13.10 | Difference=10.29
ROCE | BAJFINANCE | Engine=5.46 | Source=11.90 | Difference=6.44
ROCE | BAJFINANCE | Engine=5.17 | Source=11.90 | Difference=6.73
ROCE | BAJFINANCE | Engine=5.40 | Source=11.90 | Difference=6.50
ROE | BAJFINANCE | Engine=15.75 | Source=22.10 | Difference=6.35
ROCE | BAJFINANCE | Engine=4.87 | Source=11.90 | Difference=7.03
ROCE | BAJFINANCE | Engine=4.38 | Source=11.90 | Difference=7.52
ROE | BAJFINANCE | Engine=16.28 | Source=22.10 | Difference=5.82
ROCE | BAJFINANCE | Engine=5.47 | Source=11.90 | Difference=6.43
ROE | BAJFINANCE | Engine=11.97 | Source=22.10 | Difference=10.13
ROCE | BAJFINANCE | Engine=6.24 | Source=11.90 | Difference=5.66
ROE | BAJFINANCE | Engine=16.08 | Source=22.10 | Difference=6.02
ROCE | BAJFINANCE | Engine=5.50 | Source=11.90 | Difference=6.40
ROCE | BAJFINANCE | Engine=4.50 | Source=11.90 | Difference=7.40
ROCE | BAJFINANCE | Engine=4.17 | Source=11.90 | Difference=7.73
ROE | BANKBARODA | Engine=9.40 | Source=16.70 | Difference=7.30
ROE | BANKBARODA | Engine=-11.84 | Source=16.70 | Difference=28.54
ROE | BANKBARODA | Engine=4.31 | Source=16.70 | Difference=12.39
ROE | BANKBARODA | Engine=-3.94 | Source=16.70 | Difference=20.64
ROE | BANKBARODA | Engine=2.12 | Source=16.70 | Difference=14.58
ROE | BANKBARODA | Engine=1.29 | Source=16.70 | Difference=15.41
ROE | BANKBARODA | Engine=1.97 | Source=16.70 | Difference=14.73
ROE | BANKBARODA | Engine=8.64 | Source=16.70 | Difference=8.06
ROE | BEL | Engine=15183.33 | Source=26.30 | Difference=15157.03
ROCE | BEL | Engine=1776.67 | Source=34.60 | Difference=1742.07
ROE | BEL | Engine=13600.00 | Source=26.30 | Difference=13573.70
ROCE | BEL | Engine=2767.86 | Source=34.60 | Difference=2733.26
ROE | BEL | Engine=17100.00 | Source=26.30 | Difference=17073.70
ROCE | BEL | Engine=3069.70 | Source=34.60 | Difference=3035.10
ROE | BEL | Engine=11141.67 | Source=26.30 | Difference=11115.37
ROCE | BEL | Engine=3245.95 | Source=34.60 | Difference=3211.35
ROE | BEL | Engine=10153.33 | Source=26.30 | Difference=10127.03
ROCE | BEL | Engine=3590.91 | Source=34.60 | Difference=3556.31
ROE | BEL | Engine=4616.13 | Source=26.30 | Difference=4589.83
ROCE | BEL | Engine=2236.71 | Source=34.60 | Difference=2202.11
ROE | BEL | Engine=3851.02 | Source=26.30 | Difference=3824.72
ROCE | BEL | Engine=2678.12 | Source=34.60 | Difference=2643.53
ROE | BEL | Engine=3318.18 | Source=26.30 | Difference=3291.88
ROCE | BEL | Engine=2411.11 | Source=34.60 | Difference=2376.51
ROE | BEL | Engine=3559.32 | Source=26.30 | Difference=3533.02
ROCE | BEL | Engine=2617.59 | Source=34.60 | Difference=2582.99
ROE | BEL | Engine=3478.26 | Source=26.30 | Difference=3451.96
ROCE | BEL | Engine=2317.32 | Source=34.60 | Difference=2282.72
ROE | BEL | Engine=3981.33 | Source=26.30 | Difference=3955.03
ROCE | BEL | Engine=3211.40 | Source=34.60 | Difference=3176.80
ROE | BEL | Engine=4744.05 | Source=26.30 | Difference=4717.75
ROCE | BEL | Engine=3628.35 | Source=34.60 | Difference=3593.75
ROE | BHARTIARTL | Engine=4.50 | Source=14.90 | Difference=10.40
ROCE | BHARTIARTL | Engine=6.96 | Source=13.10 | Difference=6.14
ROE | BHARTIARTL | Engine=5.05 | Source=14.90 | Difference=9.85
ROCE | BHARTIARTL | Engine=8.01 | Source=13.10 | Difference=5.09
ROE | BHARTIARTL | Engine=6.29 | Source=14.90 | Difference=8.61
ROE | BHARTIARTL | Engine=3.14 | Source=14.90 | Difference=11.76
ROCE | BHARTIARTL | Engine=5.99 | Source=13.10 | Difference=7.11
ROE | BHARTIARTL | Engine=2.36 | Source=14.90 | Difference=12.54
ROCE | BHARTIARTL | Engine=2.24 | Source=13.10 | Difference=10.86
ROE | BHARTIARTL | Engine=-39.75 | Source=14.90 | Difference=54.65
ROCE | BHARTIARTL | Engine=3.96 | Source=13.10 | Difference=9.14
ROE | BHARTIARTL | Engine=-20.97 | Source=14.90 | Difference=35.87
ROCE | BHARTIARTL | Engine=7.16 | Source=13.10 | Difference=5.94
ROE | BHEL | Engine=21.91 | Source=1.05 | Difference=20.86
ROCE | BHEL | Engine=25.64 | Source=3.28 | Difference=22.36
ROE | BHEL | Engine=10.56 | Source=1.05 | Difference=9.51
ROCE | BHEL | Engine=9.49 | Source=3.28 | Difference=6.21
ROCE | BHEL | Engine=-7.05 | Source=3.28 | Difference=10.33
ROE | BHEL | Engine=-5.12 | Source=1.05 | Difference=6.17
ROCE | BHEL | Engine=-1.89 | Source=3.28 | Difference=5.17
ROE | BHEL | Engine=-10.39 | Source=1.05 | Difference=11.44
ROCE | BHEL | Engine=-11.39 | Source=3.28 | Difference=14.67
ROCE | BOSCHLTD | Engine=13.97 | Source=20.60 | Difference=6.63
ROCE | BOSCHLTD | Engine=15.57 | Source=20.60 | Difference=5.03
ROE | BOSCHLTD | Engine=7.01 | Source=16.00 | Difference=8.99
ROCE | BOSCHLTD | Engine=11.77 | Source=20.60 | Difference=8.83
ROE | BOSCHLTD | Engine=4.91 | Source=16.00 | Difference=11.09
ROCE | BOSCHLTD | Engine=8.32 | Source=20.60 | Difference=12.28
ROCE | BOSCHLTD | Engine=10.58 | Source=20.60 | Difference=10.02
ROCE | BOSCHLTD | Engine=12.87 | Source=20.60 | Difference=7.73
ROCE | BOSCHLTD | Engine=13.76 | Source=20.60 | Difference=6.84
ROE | BPCL | Engine=11.54 | Source=41.90 | Difference=30.36
ROCE | BPCL | Engine=8.50 | Source=32.10 | Difference=23.60
ROE | BPCL | Engine=20.85 | Source=41.90 | Difference=21.05
ROCE | BPCL | Engine=12.94 | Source=32.10 | Difference=19.16
ROE | BPCL | Engine=22.52 | Source=41.90 | Difference=19.38
ROCE | BPCL | Engine=14.05 | Source=32.10 | Difference=18.05
ROE | BPCL | Engine=29.10 | Source=41.90 | Difference=12.80
ROCE | BPCL | Engine=21.29 | Source=32.10 | Difference=10.81
ROE | BPCL | Engine=30.85 | Source=41.90 | Difference=11.05
ROCE | BPCL | Engine=17.54 | Source=32.10 | Difference=14.56
ROE | BPCL | Engine=26.74 | Source=41.90 | Difference=15.16
ROCE | BPCL | Engine=16.74 | Source=32.10 | Difference=15.36
ROE | BPCL | Engine=22.00 | Source=41.90 | Difference=19.90
ROCE | BPCL | Engine=13.99 | Source=32.10 | Difference=18.11
ROE | BPCL | Engine=10.04 | Source=41.90 | Difference=31.86
ROCE | BPCL | Engine=4.80 | Source=32.10 | Difference=27.30
ROE | BPCL | Engine=32.34 | Source=41.90 | Difference=9.56
ROCE | BPCL | Engine=15.42 | Source=32.10 | Difference=16.68
ROE | BPCL | Engine=22.51 | Source=41.90 | Difference=19.39
ROCE | BPCL | Engine=11.77 | Source=32.10 | Difference=20.33
ROE | BPCL | Engine=3.98 | Source=41.90 | Difference=37.92
ROCE | BPCL | Engine=3.69 | Source=32.10 | Difference=28.41
ROE | BPCL | Engine=35.51 | Source=41.90 | Difference=6.39
ROE | BRITANNIA | Engine=46.59 | Source=57.10 | Difference=10.51
ROCE | BRITANNIA | Engine=37.10 | Source=48.90 | Difference=11.80
ROE | BRITANNIA | Engine=49.50 | Source=57.10 | Difference=7.60
ROCE | BRITANNIA | Engine=57.38 | Source=48.90 | Difference=8.48
ROE | BRITANNIA | Engine=39.44 | Source=57.10 | Difference=17.66
ROE | BRITANNIA | Engine=32.83 | Source=57.10 | Difference=24.27
ROCE | BRITANNIA | Engine=41.08 | Source=48.90 | Difference=7.82
ROE | BRITANNIA | Engine=29.48 | Source=57.10 | Difference=27.62
ROCE | BRITANNIA | Engine=37.68 | Source=48.90 | Difference=11.22
ROE | BRITANNIA | Engine=27.16 | Source=57.10 | Difference=29.94
ROCE | BRITANNIA | Engine=35.61 | Source=48.90 | Difference=13.29
ROE | BRITANNIA | Engine=31.66 | Source=57.10 | Difference=25.44
ROCE | BRITANNIA | Engine=27.91 | Source=48.90 | Difference=20.99
ROCE | BRITANNIA | Engine=40.76 | Source=48.90 | Difference=8.14
ROCE | BRITANNIA | Engine=39.69 | Source=48.90 | Difference=9.21
ROE | BRITANNIA | Engine=65.53 | Source=57.10 | Difference=8.43
ROCE | BRITANNIA | Engine=39.89 | Source=48.90 | Difference=9.01
ROE | CANBK | Engine=11.90 | Source=17.90 | Difference=6.00
ROE | CANBK | Engine=8.85 | Source=17.90 | Difference=9.05
ROE | CANBK | Engine=9.02 | Source=17.90 | Difference=8.88
ROE | CANBK | Engine=-7.82 | Source=17.90 | Difference=25.72
ROE | CANBK | Engine=4.07 | Source=17.90 | Difference=13.83
ROE | CANBK | Engine=-10.50 | Source=17.90 | Difference=28.40
ROE | CANBK | Engine=1.85 | Source=17.90 | Difference=16.05
ROE | CANBK | Engine=-4.66 | Source=17.90 | Difference=22.56
ROE | CANBK | Engine=4.74 | Source=17.90 | Difference=13.16
ROE | CANBK | Engine=8.80 | Source=17.90 | Difference=9.10
ROCE | CHOLAFIN | Engine=3.87 | Source=10.40 | Difference=6.53
ROCE | CHOLAFIN | Engine=4.45 | Source=10.40 | Difference=5.95
ROCE | CHOLAFIN | Engine=4.56 | Source=10.40 | Difference=5.84
ROCE | CHOLAFIN | Engine=4.75 | Source=10.40 | Difference=5.65
ROCE | CHOLAFIN | Engine=4.52 | Source=10.40 | Difference=5.88
ROCE | CHOLAFIN | Engine=3.22 | Source=10.40 | Difference=7.18
ROCE | CHOLAFIN | Engine=2.77 | Source=10.40 | Difference=7.63
ROE | CHOLAFIN | Engine=12.85 | Source=20.20 | Difference=7.35
ROCE | CHOLAFIN | Engine=3.65 | Source=10.40 | Difference=6.75
ROCE | CHOLAFIN | Engine=3.83 | Source=10.40 | Difference=6.57
ROCE | CHOLAFIN | Engine=3.49 | Source=10.40 | Difference=6.91
ROCE | CHOLAFIN | Engine=3.13 | Source=10.40 | Difference=7.27
ROCE | CHOLAFIN | Engine=3.37 | Source=10.40 | Difference=7.03
ROCE | CIPLA | Engine=57.43 | Source=22.80 | Difference=34.63
ROCE | CIPLA | Engine=67.73 | Source=22.80 | Difference=44.93
ROE | CIPLA | Engine=11.38 | Source=16.80 | Difference=5.42
ROCE | CIPLA | Engine=69.40 | Source=22.80 | Difference=46.60
ROCE | CIPLA | Engine=63.14 | Source=22.80 | Difference=40.34
ROE | CIPLA | Engine=8.25 | Source=16.80 | Difference=8.55
ROCE | CIPLA | Engine=63.49 | Source=22.80 | Difference=40.69
ROE | CIPLA | Engine=9.96 | Source=16.80 | Difference=6.84
ROCE | CIPLA | Engine=60.05 | Source=22.80 | Difference=37.25
ROE | CIPLA | Engine=9.94 | Source=16.80 | Difference=6.86
ROCE | CIPLA | Engine=61.77 | Source=22.80 | Difference=38.97
ROE | CIPLA | Engine=9.52 | Source=16.80 | Difference=7.28
ROCE | CIPLA | Engine=68.63 | Source=22.80 | Difference=45.83
ROCE | CIPLA | Engine=68.04 | Source=22.80 | Difference=45.24
ROCE | CIPLA | Engine=73.80 | Source=22.80 | Difference=51.00
ROCE | CIPLA | Engine=68.38 | Source=22.80 | Difference=45.58
ROCE | CIPLA | Engine=67.60 | Source=22.80 | Difference=44.80
ROE | COALINDIA | Engine=35.81 | Source=52.00 | Difference=16.19
ROCE | COALINDIA | Engine=97.24 | Source=63.60 | Difference=33.64
ROE | COALINDIA | Engine=35.64 | Source=52.00 | Difference=16.36
ROCE | COALINDIA | Engine=119.41 | Source=63.60 | Difference=55.81
ROE | COALINDIA | Engine=34.02 | Source=52.00 | Difference=17.98
ROCE | COALINDIA | Engine=133.60 | Source=63.60 | Difference=70.00
ROE | COALINDIA | Engine=40.96 | Source=52.00 | Difference=11.04
ROCE | COALINDIA | Engine=156.31 | Source=63.60 | Difference=92.71
ROE | COALINDIA | Engine=37.85 | Source=52.00 | Difference=14.15
ROCE | COALINDIA | Engine=228.13 | Source=63.60 | Difference=164.53
ROE | COALINDIA | Engine=34.88 | Source=52.00 | Difference=17.12
ROCE | COALINDIA | Engine=335.66 | Source=63.60 | Difference=272.06
ROE | COALINDIA | Engine=66.01 | Source=52.00 | Difference=14.01
ROCE | COALINDIA | Engine=248.14 | Source=63.60 | Difference=184.54
ROCE | COALINDIA | Engine=184.11 | Source=63.60 | Difference=120.51
ROE | COALINDIA | Engine=34.78 | Source=52.00 | Difference=17.22
ROCE | COALINDIA | Engine=159.62 | Source=63.60 | Difference=96.02
ROE | COALINDIA | Engine=40.28 | Source=52.00 | Difference=11.72
ROCE | COALINDIA | Engine=172.68 | Source=63.60 | Difference=109.08
ROCE | COALINDIA | Engine=133.78 | Source=63.60 | Difference=70.18
ROE | COALINDIA | Engine=45.17 | Source=52.00 | Difference=6.83
ROCE | COALINDIA | Engine=98.17 | Source=63.60 | Difference=34.57
ROE | DABUR | Engine=36.56 | Source=19.20 | Difference=17.36
ROCE | DABUR | Engine=27.94 | Source=22.30 | Difference=5.64
ROE | DABUR | Engine=34.49 | Source=19.20 | Difference=15.29
ROCE | DABUR | Engine=31.66 | Source=22.30 | Difference=9.36
ROE | DABUR | Engine=31.84 | Source=19.20 | Difference=12.64
ROCE | DABUR | Engine=29.48 | Source=22.30 | Difference=7.18
ROE | DABUR | Engine=30.06 | Source=19.20 | Difference=10.86
ROCE | DABUR | Engine=27.83 | Source=22.30 | Difference=5.53
ROE | DABUR | Engine=26.41 | Source=19.20 | Difference=7.21
ROE | DABUR | Engine=25.67 | Source=19.20 | Difference=6.47
ROE | DIVISLAB | Engine=24.07 | Source=12.20 | Difference=11.87
ROCE | DIVISLAB | Engine=29.16 | Source=16.50 | Difference=12.66
ROE | DIVISLAB | Engine=26.08 | Source=12.20 | Difference=13.88
ROCE | DIVISLAB | Engine=31.05 | Source=16.50 | Difference=14.55
ROE | DIVISLAB | Engine=24.37 | Source=12.20 | Difference=12.17
ROCE | DIVISLAB | Engine=29.44 | Source=16.50 | Difference=12.94
ROE | DIVISLAB | Engine=26.23 | Source=12.20 | Difference=14.03
ROCE | DIVISLAB | Engine=30.10 | Source=16.50 | Difference=13.60
ROE | DIVISLAB | Engine=19.79 | Source=12.20 | Difference=7.59
ROCE | DIVISLAB | Engine=24.61 | Source=16.50 | Difference=8.11
ROE | DIVISLAB | Engine=19.45 | Source=12.20 | Difference=7.25
ROCE | DIVISLAB | Engine=24.14 | Source=16.50 | Difference=7.64
ROE | DIVISLAB | Engine=18.84 | Source=12.20 | Difference=6.64
ROCE | DIVISLAB | Engine=22.32 | Source=16.50 | Difference=5.82
ROE | DIVISLAB | Engine=21.34 | Source=12.20 | Difference=9.14
ROCE | DIVISLAB | Engine=28.08 | Source=16.50 | Difference=11.58
ROE | DIVISLAB | Engine=25.24 | Source=12.20 | Difference=13.04
ROCE | DIVISLAB | Engine=30.46 | Source=16.50 | Difference=13.96
ROE | DLF | Engine=1.85 | Source=6.95 | Difference=5.10
ROE | DLF | Engine=1.27 | Source=6.95 | Difference=5.68
ROE | DLF | Engine=12.68 | Source=6.95 | Difference=5.73
ROE | DLF | Engine=-1.71 | Source=6.95 | Difference=8.66
ROCE | DMART | Engine=12.85 | Source=19.40 | Difference=6.55
ROE | DMART | Engine=21.04 | Source=14.50 | Difference=6.54
ROE | DMART | Engine=9.02 | Source=14.50 | Difference=5.48
ROCE | DMART | Engine=10.58 | Source=19.40 | Difference=8.82
ROCE | DMART | Engine=13.99 | Source=19.40 | Difference=5.41
ROCE | DRREDDY | Engine=21.08 | Source=26.50 | Difference=5.42
ROCE | DRREDDY | Engine=21.09 | Source=26.50 | Difference=5.41
ROCE | DRREDDY | Engine=19.40 | Source=26.50 | Difference=7.10
ROCE | DRREDDY | Engine=16.62 | Source=26.50 | Difference=9.88
ROE | DRREDDY | Engine=10.54 | Source=21.40 | Difference=10.86
ROCE | DRREDDY | Engine=8.41 | Source=26.50 | Difference=18.09
ROE | DRREDDY | Engine=7.53 | Source=21.40 | Difference=13.87
ROCE | DRREDDY | Engine=7.22 | Source=26.50 | Difference=19.28
ROE | DRREDDY | Engine=13.90 | Source=21.40 | Difference=7.50
ROCE | DRREDDY | Engine=11.44 | Source=26.50 | Difference=15.06
ROE | DRREDDY | Engine=12.99 | Source=21.40 | Difference=8.41
ROCE | DRREDDY | Engine=7.38 | Source=26.50 | Difference=19.12
ROE | DRREDDY | Engine=11.07 | Source=21.40 | Difference=10.33
ROCE | DRREDDY | Engine=12.80 | Source=26.50 | Difference=13.70
ROE | DRREDDY | Engine=11.36 | Source=21.40 | Difference=10.04
ROCE | DRREDDY | Engine=11.52 | Source=26.50 | Difference=14.98
ROCE | DRREDDY | Engine=21.19 | Source=26.50 | Difference=5.31
ROCE | DRREDDY | Engine=21.36 | Source=26.50 | Difference=5.14
ROE | EICHERMOT | Engine=36.63 | Source=24.20 | Difference=12.43
ROCE | EICHERMOT | Engine=42.25 | Source=31.10 | Difference=11.15
ROE | EICHERMOT | Engine=31.19 | Source=24.20 | Difference=6.99
ROCE | EICHERMOT | Engine=37.02 | Source=31.10 | Difference=5.92
ROE | EICHERMOT | Engine=18.30 | Source=24.20 | Difference=5.90
ROCE | EICHERMOT | Engine=17.61 | Source=31.10 | Difference=13.49
ROE | EICHERMOT | Engine=11.78 | Source=24.20 | Difference=12.42
ROCE | EICHERMOT | Engine=11.43 | Source=31.10 | Difference=19.67
ROE | EICHERMOT | Engine=13.30 | Source=24.20 | Difference=10.90
ROCE | EICHERMOT | Engine=13.57 | Source=31.10 | Difference=17.53
ROCE | EICHERMOT | Engine=19.11 | Source=31.10 | Difference=11.99
ROCE | EICHERMOT | Engine=20.21 | Source=31.10 | Difference=10.89
ROCE | GAIL | Engine=8.02 | Source=14.70 | Difference=6.68
ROE | GAIL | Engine=5.15 | Source=14.00 | Difference=8.85
ROCE | GAIL | Engine=6.69 | Source=14.70 | Difference=8.01
ROE | GAIL | Engine=8.58 | Source=14.00 | Difference=5.42
ROE | GAIL | Engine=19.31 | Source=14.00 | Difference=5.31
ROCE | GAIL | Engine=8.31 | Source=14.70 | Difference=6.39
ROE | GAIL | Engine=19.19 | Source=14.00 | Difference=5.19
ROE | GAIL | Engine=8.62 | Source=14.00 | Difference=5.38
ROCE | GAIL | Engine=5.80 | Source=14.70 | Difference=8.90
ROE | GODREJCP | Engine=25.51 | Source=6.77 | Difference=18.74
ROCE | GODREJCP | Engine=15.91 | Source=26.49 | Difference=10.58
ROE | GODREJCP | Engine=21.70 | Source=6.77 | Difference=14.93
ROCE | GODREJCP | Engine=17.68 | Source=26.49 | Difference=8.81
ROE | GODREJCP | Engine=22.64 | Source=6.77 | Difference=15.87
ROCE | GODREJCP | Engine=18.33 | Source=26.49 | Difference=8.16
ROE | GODREJCP | Engine=19.48 | Source=6.77 | Difference=12.71
ROE | GODREJCP | Engine=24.67 | Source=6.77 | Difference=17.90
ROCE | GODREJCP | Engine=18.97 | Source=26.49 | Difference=7.52
ROE | GODREJCP | Engine=26.11 | Source=6.77 | Difference=19.34
ROCE | GODREJCP | Engine=19.74 | Source=26.49 | Difference=6.75
ROE | GODREJCP | Engine=32.23 | Source=6.77 | Difference=25.46
ROCE | GODREJCP | Engine=18.42 | Source=26.49 | Difference=8.07
ROE | GODREJCP | Engine=18.95 | Source=6.77 | Difference=12.18
ROCE | GODREJCP | Engine=17.06 | Source=26.49 | Difference=9.43
ROE | GODREJCP | Engine=18.23 | Source=6.77 | Difference=11.46
ROCE | GODREJCP | Engine=19.42 | Source=26.49 | Difference=7.07
ROE | GODREJCP | Engine=15.43 | Source=6.77 | Difference=8.66
ROCE | GODREJCP | Engine=16.58 | Source=26.49 | Difference=9.91
ROE | GODREJCP | Engine=12.34 | Source=6.77 | Difference=5.57
ROCE | GODREJCP | Engine=14.79 | Source=26.49 | Difference=11.70
ROE | GODREJCP | Engine=-4.45 | Source=6.77 | Difference=11.22
ROCE | GODREJCP | Engine=17.17 | Source=26.49 | Difference=9.32
ROE | GRASIM | Engine=19.22 | Source=6.90 | Difference=12.32
ROCE | GRASIM | Engine=16.00 | Source=9.30 | Difference=6.70
ROE | GRASIM | Engine=13.67 | Source=6.90 | Difference=6.77
ROE | GRASIM | Engine=12.60 | Source=6.90 | Difference=5.70
ROE | GRASIM | Engine=13.53 | Source=6.90 | Difference=6.63
ROE | GRASIM | Engine=14.80 | Source=6.90 | Difference=7.90
ROE | GRASIM | Engine=14.07 | Source=6.90 | Difference=7.17
ROE | HAL | Engine=1665.00 | Source=28.90 | Difference=1636.10
ROCE | HAL | Engine=1170.29 | Source=38.90 | Difference=1131.39
ROE | HAL | Engine=1966.92 | Source=28.90 | Difference=1938.02
ROCE | HAL | Engine=1892.59 | Source=38.90 | Difference=1853.69
ROE | HAL | Engine=1528.46 | Source=28.90 | Difference=1499.56
ROCE | HAL | Engine=1889.47 | Source=38.90 | Difference=1850.57
ROE | HAL | Engine=1763.91 | Source=28.90 | Difference=1735.01
ROCE | HAL | Engine=2514.18 | Source=38.90 | Difference=2475.28
ROE | HAL | Engine=2059.42 | Source=28.90 | Difference=2030.52
ROCE | HAL | Engine=2772.86 | Source=38.90 | Difference=2733.96
ROE | HAL | Engine=2249.31 | Source=28.90 | Difference=2220.41
ROCE | HAL | Engine=2789.33 | Source=38.90 | Difference=2750.43
ROE | HAL | Engine=3324.18 | Source=28.90 | Difference=3295.28
ROCE | HAL | Engine=2612.12 | Source=38.90 | Difference=2573.22
ROE | HAL | Engine=3283.05 | Source=28.90 | Difference=3254.15
ROCE | HAL | Engine=2180.80 | Source=38.90 | Difference=2141.90
ROE | HAL | Engine=3816.58 | Source=28.90 | Difference=3787.68
ROCE | HAL | Engine=2590.99 | Source=38.90 | Difference=2552.09
ROE | HAVELLS | Engine=40.29 | Source=18.00 | Difference=22.29
ROE | HAVELLS | Engine=26.77 | Source=18.00 | Difference=8.77
ROE | HAVELLS | Engine=42.95 | Source=18.00 | Difference=24.95
ROCE | HAVELLS | Engine=19.37 | Source=24.40 | Difference=5.03
ROCE | HAVELLS | Engine=19.35 | Source=24.40 | Difference=5.05
ROE | HCLTECH | Engine=30.69 | Source=23.30 | Difference=7.39
ROCE | HCLTECH | Engine=35.49 | Source=29.60 | Difference=5.89
ROE | HCLTECH | Engine=33.39 | Source=23.30 | Difference=10.09
ROCE | HCLTECH | Engine=35.75 | Source=29.60 | Difference=6.15
ROE | HCLTECH | Engine=30.31 | Source=23.30 | Difference=7.01
ROCE | HCLTECH | Engine=23.45 | Source=29.60 | Difference=6.15
ROCE | HCLTECH | Engine=23.12 | Source=29.60 | Difference=6.48
ROCE | HCLTECH | Engine=23.74 | Source=29.60 | Difference=5.86
ROCE | HDFCBANK | Engine=2.67 | Source=7.67 | Difference=5.00
ROCE | HDFCBANK | Engine=2.50 | Source=7.67 | Difference=5.17
ROE | HDFCLIFE | Engine=33.43 | Source=11.40 | Difference=22.03
ROCE | HDFCLIFE | Engine=1009.72 | Source=6.61 | Difference=1003.11
ROE | HDFCLIFE | Engine=37.60 | Source=11.40 | Difference=26.20
ROCE | HDFCLIFE | Engine=856.85 | Source=6.61 | Difference=850.24
ROE | HDFCLIFE | Engine=30.93 | Source=11.40 | Difference=19.53
ROCE | HDFCLIFE | Engine=1034.95 | Source=6.61 | Difference=1028.34
ROE | HDFCLIFE | Engine=26.33 | Source=11.40 | Difference=14.93
ROCE | HDFCLIFE | Engine=552.43 | Source=6.61 | Difference=545.82
ROE | HDFCLIFE | Engine=23.18 | Source=11.40 | Difference=11.78
ROCE | HDFCLIFE | Engine=774.52 | Source=6.61 | Difference=767.91
ROE | HDFCLIFE | Engine=23.53 | Source=11.40 | Difference=12.13
ROCE | HDFCLIFE | Engine=661.89 | Source=6.61 | Difference=655.28
ROE | HDFCLIFE | Engine=22.65 | Source=11.40 | Difference=11.25
ROCE | HDFCLIFE | Engine=666.34 | Source=6.61 | Difference=659.73
ROE | HDFCLIFE | Engine=19.05 | Source=11.40 | Difference=7.65
ROCE | HDFCLIFE | Engine=414.16 | Source=6.61 | Difference=407.55
ROCE | HDFCLIFE | Engine=760.21 | Source=6.61 | Difference=753.60
ROCE | HDFCLIFE | Engine=408.86 | Source=6.61 | Difference=402.25
ROCE | HDFCLIFE | Engine=502.41 | Source=6.61 | Difference=495.80
ROCE | HDFCLIFE | Engine=645.95 | Source=6.61 | Difference=639.34
ROE | HEROMOTOCO | Engine=37.38 | Source=22.00 | Difference=15.38
ROCE | HEROMOTOCO | Engine=348.99 | Source=29.10 | Difference=319.89
ROE | HEROMOTOCO | Engine=36.15 | Source=22.00 | Difference=14.15
ROCE | HEROMOTOCO | Engine=353.58 | Source=29.10 | Difference=324.48
ROE | HEROMOTOCO | Engine=35.23 | Source=22.00 | Difference=13.23
ROCE | HEROMOTOCO | Engine=260.20 | Source=29.10 | Difference=231.10
ROE | HEROMOTOCO | Engine=34.37 | Source=22.00 | Difference=12.37
ROCE | HEROMOTOCO | Engine=222.40 | Source=29.10 | Difference=193.30
ROE | HEROMOTOCO | Engine=31.09 | Source=22.00 | Difference=9.09
ROCE | HEROMOTOCO | Engine=217.61 | Source=29.10 | Difference=188.51
ROCE | HEROMOTOCO | Engine=210.85 | Source=29.10 | Difference=181.75
ROCE | HEROMOTOCO | Engine=163.79 | Source=29.10 | Difference=134.69
ROCE | HEROMOTOCO | Engine=163.67 | Source=29.10 | Difference=134.57
ROE | HEROMOTOCO | Engine=14.70 | Source=22.00 | Difference=7.30
ROCE | HEROMOTOCO | Engine=155.63 | Source=29.10 | Difference=126.53
ROE | HEROMOTOCO | Engine=16.81 | Source=22.00 | Difference=5.19
ROCE | HEROMOTOCO | Engine=170.48 | Source=29.10 | Difference=141.38
ROCE | HEROMOTOCO | Engine=173.71 | Source=29.10 | Difference=144.61
ROCE | HINDALCO | Engine=75.50 | Source=11.30 | Difference=64.20
ROCE | HINDALCO | Engine=72.44 | Source=11.30 | Difference=61.14
ROE | HINDALCO | Engine=0.68 | Source=10.20 | Difference=9.52
ROCE | HINDALCO | Engine=86.09 | Source=11.30 | Difference=74.79
ROE | HINDALCO | Engine=-1.73 | Source=10.20 | Difference=11.93
ROCE | HINDALCO | Engine=80.10 | Source=11.30 | Difference=68.80
ROE | HINDALCO | Engine=4.09 | Source=10.20 | Difference=6.11
ROCE | HINDALCO | Engine=75.91 | Source=11.30 | Difference=64.61
ROCE | HINDALCO | Engine=90.70 | Source=11.30 | Difference=79.40
ROCE | HINDALCO | Engine=100.31 | Source=11.30 | Difference=89.01
ROCE | HINDALCO | Engine=77.93 | Source=11.30 | Difference=66.63
ROCE | HINDALCO | Engine=80.62 | Source=11.30 | Difference=69.32
ROE | HINDALCO | Engine=17.56 | Source=10.20 | Difference=7.36
ROCE | HINDALCO | Engine=112.13 | Source=11.30 | Difference=100.83
ROCE | HINDALCO | Engine=124.73 | Source=11.30 | Difference=113.43
ROCE | HINDALCO | Engine=113.58 | Source=11.30 | Difference=102.28
ROE | HINDUNILVR | Engine=134.00 | Source=20.20 | Difference=113.80
ROCE | HINDUNILVR | Engine=779.69 | Source=27.20 | Difference=752.49
ROE | HINDUNILVR | Engine=111.85 | Source=20.20 | Difference=91.65
ROCE | HINDUNILVR | Engine=674.83 | Source=27.20 | Difference=647.63
ROE | HINDUNILVR | Engine=108.67 | Source=20.20 | Difference=88.47
ROCE | HINDUNILVR | Engine=644.67 | Source=27.20 | Difference=617.47
ROE | HINDUNILVR | Engine=63.15 | Source=20.20 | Difference=42.95
ROCE | HINDUNILVR | Engine=384.04 | Source=27.20 | Difference=356.84
ROE | HINDUNILVR | Engine=66.58 | Source=20.20 | Difference=46.38
ROCE | HINDUNILVR | Engine=376.04 | Source=27.20 | Difference=348.84
ROE | HINDUNILVR | Engine=71.79 | Source=20.20 | Difference=51.59
ROCE | HINDUNILVR | Engine=378.05 | Source=27.20 | Difference=350.85
ROE | HINDUNILVR | Engine=77.03 | Source=20.20 | Difference=56.83
ROCE | HINDUNILVR | Engine=374.91 | Source=27.20 | Difference=347.71
ROE | HINDUNILVR | Engine=82.10 | Source=20.20 | Difference=61.90
ROCE | HINDUNILVR | Engine=351.44 | Source=27.20 | Difference=324.24
ROCE | HINDUNILVR | Engine=72.01 | Source=27.20 | Difference=44.81
ROCE | HINDUNILVR | Engine=76.84 | Source=27.20 | Difference=49.64
ROCE | HINDUNILVR | Engine=87.91 | Source=27.20 | Difference=60.71
ROCE | HINDUNILVR | Engine=87.32 | Source=27.20 | Difference=60.12
ROE | ICICIBANK | Engine=11.61 | Source=18.80 | Difference=7.19
ROE | ICICIBANK | Engine=10.84 | Source=18.80 | Difference=7.96
ROE | ICICIBANK | Engine=8.23 | Source=18.80 | Difference=10.57
ROE | ICICIBANK | Engine=4.98 | Source=18.80 | Difference=13.82
ROE | ICICIBANK | Engine=9.13 | Source=18.80 | Difference=9.67
ROE | ICICIBANK | Engine=12.92 | Source=18.80 | Difference=5.88
ROCE | ICICIGI | Engine=221.50 | Source=22.50 | Difference=199.00
ROCE | ICICIGI | Engine=189.14 | Source=22.50 | Difference=166.64
ROCE | ICICIGI | Engine=152.53 | Source=22.50 | Difference=130.03
ROCE | ICICIGI | Engine=161.01 | Source=22.50 | Difference=138.51
ROCE | ICICIGI | Engine=150.34 | Source=22.50 | Difference=127.84
ROCE | ICICIGI | Engine=141.72 | Source=22.50 | Difference=119.22
ROCE | ICICIGI | Engine=161.33 | Source=22.50 | Difference=138.83
ROCE | ICICIGI | Engine=145.87 | Source=22.50 | Difference=123.37
ROCE | ICICIGI | Engine=123.21 | Source=22.50 | Difference=100.71
ROCE | ICICIGI | Engine=157.38 | Source=22.50 | Difference=134.88
ROCE | ICICIGI | Engine=157.17 | Source=22.50 | Difference=134.67
ROCE | ICICIGI | Engine=145.23 | Source=22.50 | Difference=122.73
ROE | ICICIPRULI | Engine=38.25 | Source=8.07 | Difference=30.18
ROCE | ICICIPRULI | Engine=485.71 | Source=8.75 | Difference=476.96
ROE | ICICIPRULI | Engine=35.61 | Source=8.07 | Difference=27.54
ROCE | ICICIPRULI | Engine=464.00 | Source=8.75 | Difference=455.25
ROE | ICICIPRULI | Engine=31.15 | Source=8.07 | Difference=23.08
ROCE | ICICIPRULI | Engine=622.18 | Source=8.75 | Difference=613.43
ROE | ICICIPRULI | Engine=31.00 | Source=8.07 | Difference=22.93
ROCE | ICICIPRULI | Engine=299.24 | Source=8.75 | Difference=290.49
ROE | ICICIPRULI | Engine=26.26 | Source=8.07 | Difference=18.19
ROCE | ICICIPRULI | Engine=561.22 | Source=8.75 | Difference=552.47
ROE | ICICIPRULI | Engine=24.63 | Source=8.07 | Difference=16.56
ROCE | ICICIPRULI | Engine=563.10 | Source=8.75 | Difference=554.35
ROE | ICICIPRULI | Engine=16.58 | Source=8.07 | Difference=8.51
ROCE | ICICIPRULI | Engine=594.75 | Source=8.75 | Difference=586.00
ROE | ICICIPRULI | Engine=14.79 | Source=8.07 | Difference=6.72
ROCE | ICICIPRULI | Engine=295.06 | Source=8.75 | Difference=286.31
ROCE | ICICIPRULI | Engine=810.09 | Source=8.75 | Difference=801.34
ROCE | ICICIPRULI | Engine=633.92 | Source=8.75 | Difference=625.17
ROCE | ICICIPRULI | Engine=461.92 | Source=8.75 | Difference=453.17
ROCE | ICICIPRULI | Engine=753.98 | Source=8.75 | Difference=745.23
ROCE | INDIGO | Engine=53649.35 | Source=24.50 | Difference=53624.85
ROCE | INDIGO | Engine=56836.96 | Source=24.50 | Difference=56812.46
ROCE | INDIGO | Engine=38552.63 | Source=24.50 | Difference=38528.13
ROCE | INDIGO | Engine=9076.42 | Source=24.50 | Difference=9051.92
ROCE | INDIGO | Engine=10603.33 | Source=24.50 | Difference=10578.83
ROCE | INDIGO | Engine=12697.40 | Source=24.50 | Difference=12672.90
ROCE | INDIGO | Engine=12851.61 | Source=24.50 | Difference=12827.11
ROCE | INDIGO | Engine=10910.63 | Source=24.50 | Difference=10886.13
ROCE | INDIGO | Engine=1734.55 | Source=24.50 | Difference=1710.05
ROCE | INDIGO | Engine=3067.22 | Source=24.50 | Difference=3042.72
ROCE | INDIGO | Engine=5427.76 | Source=24.50 | Difference=5403.26
ROCE | INDIGO | Engine=4953.54 | Source=24.50 | Difference=4929.04
ROCE | INDUSINDBK | Engine=2.63 | Source=7.93 | Difference=5.30
ROCE | INDUSINDBK | Engine=2.91 | Source=7.93 | Difference=5.02
ROCE | INDUSINDBK | Engine=2.85 | Source=7.93 | Difference=5.08
ROE | INDUSINDBK | Engine=6.54 | Source=15.20 | Difference=8.66
ROE | INDUSINDBK | Engine=9.67 | Source=15.20 | Difference=5.53
ROE | INFY | Engine=24.82 | Source=31.80 | Difference=6.98
ROCE | INFY | Engine=27.48 | Source=40.00 | Difference=12.52
ROE | INFY | Engine=23.93 | Source=31.80 | Difference=7.87
ROCE | INFY | Engine=27.11 | Source=40.00 | Difference=12.89
ROE | INFY | Engine=24.39 | Source=31.80 | Difference=7.41
ROCE | INFY | Engine=27.33 | Source=40.00 | Difference=12.67
ROE | INFY | Engine=21.85 | Source=31.80 | Difference=9.95
ROCE | INFY | Engine=25.30 | Source=40.00 | Difference=14.70
ROE | INFY | Engine=20.81 | Source=31.80 | Difference=10.99
ROCE | INFY | Engine=24.50 | Source=40.00 | Difference=15.50
ROE | INFY | Engine=24.69 | Source=31.80 | Difference=7.11
ROCE | INFY | Engine=26.12 | Source=40.00 | Difference=13.88
ROE | INFY | Engine=23.73 | Source=31.80 | Difference=8.07
ROCE | INFY | Engine=27.96 | Source=40.00 | Difference=12.04
ROE | INFY | Engine=25.42 | Source=31.80 | Difference=6.38
ROCE | INFY | Engine=27.64 | Source=40.00 | Difference=12.36
ROE | INFY | Engine=25.44 | Source=31.80 | Difference=6.36
ROCE | INFY | Engine=30.15 | Source=40.00 | Difference=9.85
ROCE | INFY | Engine=34.66 | Source=40.00 | Difference=5.34
ROCE | INFY | Engine=32.91 | Source=40.00 | Difference=7.09
ROE | IOC | Engine=5.75 | Source=25.44 | Difference=19.69
ROCE | IOC | Engine=5.35 | Source=21.31 | Difference=15.96
ROE | IOC | Engine=10.26 | Source=25.44 | Difference=15.18
ROCE | IOC | Engine=6.67 | Source=21.31 | Difference=14.64
ROE | IOC | Engine=7.08 | Source=25.44 | Difference=18.36
ROCE | IOC | Engine=4.01 | Source=21.31 | Difference=17.30
ROE | IOC | Engine=13.80 | Source=25.44 | Difference=11.64
ROCE | IOC | Engine=11.00 | Source=21.31 | Difference=10.31
ROE | IOC | Engine=19.97 | Source=25.44 | Difference=5.47
ROE | IOC | Engine=19.87 | Source=25.44 | Difference=5.57
ROE | IOC | Engine=15.36 | Source=25.44 | Difference=10.08
ROCE | IOC | Engine=12.79 | Source=21.31 | Difference=8.52
ROE | IOC | Engine=-1.97 | Source=25.44 | Difference=27.41
ROCE | IOC | Engine=2.57 | Source=21.31 | Difference=18.74
ROE | IOC | Engine=19.46 | Source=25.44 | Difference=5.98
ROCE | IOC | Engine=12.69 | Source=21.31 | Difference=8.62
ROE | IOC | Engine=19.27 | Source=25.44 | Difference=6.17
ROCE | IOC | Engine=13.33 | Source=21.31 | Difference=7.98
ROE | IOC | Engine=8.38 | Source=25.44 | Difference=17.06
ROCE | IOC | Engine=6.06 | Source=21.31 | Difference=15.25
ROE | IRCTC | Engine=29.50 | Source=40.40 | Difference=10.90
ROCE | IRCTC | Engine=29.73 | Source=53.80 | Difference=24.07
ROE | IRCTC | Engine=34.87 | Source=40.40 | Difference=5.53
ROCE | IRCTC | Engine=31.18 | Source=53.80 | Difference=22.62
ROE | IRCTC | Engine=29.10 | Source=40.40 | Difference=11.30
ROCE | IRCTC | Engine=37.10 | Source=53.80 | Difference=16.70
ROE | IRCTC | Engine=23.14 | Source=40.40 | Difference=17.26
ROCE | IRCTC | Engine=26.18 | Source=53.80 | Difference=27.62
ROE | IRCTC | Engine=28.85 | Source=40.40 | Difference=11.55
ROCE | IRCTC | Engine=33.05 | Source=53.80 | Difference=20.75
ROE | IRCTC | Engine=12.84 | Source=40.40 | Difference=27.56
ROCE | IRCTC | Engine=9.25 | Source=53.80 | Difference=44.55
ROE | IRCTC | Engine=35.29 | Source=40.40 | Difference=5.11
ROCE | IRCTC | Engine=41.77 | Source=53.80 | Difference=12.03
ROCE | IRCTC | Engine=47.70 | Source=53.80 | Difference=6.10
ROE | IRCTC | Engine=34.40 | Source=40.40 | Difference=6.00
ROCE | IRCTC | Engine=42.83 | Source=53.80 | Difference=10.97
ROE | IRFC | Engine=8.16 | Source=13.70 | Difference=5.54
ROE | IRFC | Engine=7.37 | Source=13.70 | Difference=6.33
ROE | IRFC | Engine=7.78 | Source=13.70 | Difference=5.92
ROCE | ITC | Engine=44.55 | Source=34.76 | Difference=9.79
ROCE | ITC | Engine=44.09 | Source=34.76 | Difference=9.33
ROCE | ITC | Engine=41.32 | Source=34.76 | Difference=6.56
ROE | ITC | Engine=22.26 | Source=29.47 | Difference=7.21
ROE | ITC | Engine=22.57 | Source=29.47 | Difference=6.90
ROE | ITC | Engine=21.89 | Source=29.47 | Difference=7.58
ROCE | ITC | Engine=29.09 | Source=34.76 | Difference=5.67
ROE | ITC | Engine=21.70 | Source=29.47 | Difference=7.77
ROCE | ITC | Engine=28.98 | Source=34.76 | Difference=5.78
ROE | ITC | Engine=23.89 | Source=29.47 | Difference=5.58
ROCE | ITC | Engine=27.00 | Source=34.76 | Difference=7.76
ROE | ITC | Engine=22.18 | Source=29.47 | Difference=7.29
ROCE | ITC | Engine=25.44 | Source=34.76 | Difference=9.32
ROE | JINDALSTEL | Engine=8.39 | Source=14.10 | Difference=5.71
ROCE | JINDALSTEL | Engine=6.73 | Source=13.20 | Difference=6.47
ROE | JINDALSTEL | Engine=-6.90 | Source=14.10 | Difference=21.00
ROCE | JINDALSTEL | Engine=4.10 | Source=13.20 | Difference=9.10
ROE | JINDALSTEL | Engine=-9.52 | Source=14.10 | Difference=23.62
ROCE | JINDALSTEL | Engine=-0.80 | Source=13.20 | Difference=14.00
ROE | JINDALSTEL | Engine=-8.45 | Source=14.10 | Difference=22.55
ROCE | JINDALSTEL | Engine=1.00 | Source=13.20 | Difference=12.20
ROE | JINDALSTEL | Engine=-5.32 | Source=14.10 | Difference=19.42
ROCE | JINDALSTEL | Engine=3.53 | Source=13.20 | Difference=9.67
ROE | JINDALSTEL | Engine=-7.52 | Source=14.10 | Difference=21.62
ROCE | JINDALSTEL | Engine=4.09 | Source=13.20 | Difference=9.11
ROE | JINDALSTEL | Engine=-1.24 | Source=14.10 | Difference=15.34
ROCE | JINDALSTEL | Engine=4.93 | Source=13.20 | Difference=8.27
ROCE | JINDALSTEL | Engine=27.31 | Source=13.20 | Difference=14.11
ROE | JSWENERGY | Engine=14.52 | Source=8.40 | Difference=6.12
ROCE | JSWENERGY | Engine=14.66 | Source=8.59 | Difference=6.07
ROE | JSWENERGY | Engine=18.06 | Source=8.40 | Difference=9.66
ROCE | JSWENERGY | Engine=16.86 | Source=8.59 | Difference=8.27
ROE | JSWENERGY | Engine=15.05 | Source=8.40 | Difference=6.65
ROE | JSWENERGY | Engine=0.77 | Source=8.40 | Difference=7.63
ROE | JSWSTEEL | Engine=5.44 | Source=11.66 | Difference=6.22
ROE | JSWSTEEL | Engine=1.90 | Source=11.66 | Difference=9.76
ROE | JSWSTEEL | Engine=-2.54 | Source=11.66 | Difference=14.20
ROCE | JSWSTEEL | Engine=5.07 | Source=13.36 | Difference=8.29
ROE | JSWSTEEL | Engine=21.83 | Source=11.66 | Difference=10.17
ROE | JSWSTEEL | Engine=21.62 | Source=11.66 | Difference=9.96
ROCE | JSWSTEEL | Engine=7.72 | Source=13.36 | Difference=5.64
ROE | JSWSTEEL | Engine=16.84 | Source=11.66 | Difference=5.18
ROE | JSWSTEEL | Engine=31.11 | Source=11.66 | Difference=19.45
ROCE | JSWSTEEL | Engine=23.73 | Source=13.36 | Difference=10.37
ROE | JSWSTEEL | Engine=6.30 | Source=11.66 | Difference=5.36
ROCE | JSWSTEEL | Engine=7.50 | Source=13.36 | Difference=5.86
ROE | LICI | Engine=324.32 | Source=63.61 | Difference=260.71
ROCE | LICI | Engine=2.07 | Source=63.79 | Difference=61.72
ROE | LICI | Engine=270.46 | Source=63.61 | Difference=206.85
ROCE | LICI | Engine=-2.88 | Source=63.79 | Difference=66.67
ROE | LICI | Engine=43.20 | Source=63.61 | Difference=20.41
ROCE | LICI | Engine=-9.71 | Source=63.79 | Difference=73.50
ROE | LICI | Engine=36.38 | Source=63.61 | Difference=27.23
ROCE | LICI | Engine=25.49 | Source=63.79 | Difference=38.30
ROE | LICI | Engine=77.86 | Source=63.61 | Difference=14.25
ROCE | LICI | Engine=72.98 | Source=63.79 | Difference=9.19
ROE | LICI | Engine=49.45 | Source=63.61 | Difference=14.16
ROCE | LICI | Engine=39.05 | Source=63.79 | Difference=24.74
ROE | LODHA | Engine=35.48 | Source=10.70 | Difference=24.78
ROE | LODHA | Engine=33.84 | Source=10.70 | Difference=23.14
ROE | LODHA | Engine=24.23 | Source=10.70 | Difference=13.53
ROE | LODHA | Engine=17.69 | Source=10.70 | Difference=6.99
ROCE | LODHA | Engine=5.71 | Source=11.10 | Difference=5.39
ROCE | LODHA | Engine=4.63 | Source=11.10 | Difference=6.47
ROE | LODHA | Engine=42.80 | Source=10.70 | Difference=32.10
ROE | LODHA | Engine=16.30 | Source=10.70 | Difference=5.60
ROE | LODHA | Engine=1.04 | Source=10.70 | Difference=9.66
ROCE | LODHA | Engine=5.75 | Source=11.10 | Difference=5.35
ROE | LODHA | Engine=3.87 | Source=10.70 | Difference=6.83
ROE | LT | Engine=395.15 | Source=10.49 | Difference=384.66
ROCE | LT | Engine=620.28 | Source=17.18 | Difference=603.10
ROE | LT | Engine=303.42 | Source=10.49 | Difference=292.93
ROCE | LT | Engine=734.88 | Source=17.18 | Difference=717.70
ROE | LT | Engine=245.11 | Source=10.49 | Difference=234.62
ROCE | LT | Engine=582.04 | Source=17.18 | Difference=564.86
ROE | LT | Engine=216.09 | Source=10.49 | Difference=205.60
ROCE | LT | Engine=628.39 | Source=17.18 | Difference=611.21
ROE | LT | Engine=206.30 | Source=10.49 | Difference=195.81
ROCE | LT | Engine=453.24 | Source=17.18 | Difference=436.06
ROE | LT | Engine=207.36 | Source=10.49 | Difference=196.87
ROCE | LT | Engine=463.42 | Source=17.18 | Difference=446.24
ROE | LT | Engine=208.81 | Source=10.49 | Difference=198.32
ROCE | LT | Engine=428.02 | Source=17.18 | Difference=410.84
ROE | LT | Engine=201.59 | Source=10.49 | Difference=191.10
ROCE | LT | Engine=349.76 | Source=17.18 | Difference=332.58
ROE | LT | Engine=176.90 | Source=10.49 | Difference=166.41
ROCE | LT | Engine=253.72 | Source=17.18 | Difference=236.54
ROE | LT | Engine=72.92 | Source=10.49 | Difference=62.43
ROCE | LT | Engine=146.89 | Source=17.18 | Difference=129.71
ROE | LT | Engine=75.52 | Source=10.49 | Difference=65.03
ROCE | LT | Engine=130.50 | Source=17.18 | Difference=113.32
ROE | LT | Engine=77.67 | Source=10.49 | Difference=67.18
ROCE | LT | Engine=118.53 | Source=17.18 | Difference=101.35
ROE | LTIM | Engine=41.97 | Source=26.04 | Difference=15.93
ROCE | LTIM | Engine=47.49 | Source=34.10 | Difference=13.39
ROE | LTIM | Engine=61.86 | Source=26.04 | Difference=35.82
ROCE | LTIM | Engine=59.13 | Source=34.10 | Difference=25.03
ROE | LTIM | Engine=37.96 | Source=26.04 | Difference=11.92
ROE | LTIM | Engine=39.34 | Source=26.04 | Difference=13.30
ROCE | LTIM | Engine=39.17 | Source=34.10 | Difference=5.07
ROCE | LTIM | Engine=26.71 | Source=34.10 | Difference=7.39
ROCE | LTIM | Engine=27.80 | Source=34.10 | Difference=6.30
ROCE | LTIM | Engine=25.21 | Source=34.10 | Difference=8.89
ROCE | M&M | Engine=14.46 | Source=26.98 | Difference=12.52
ROCE | M&M | Engine=13.68 | Source=26.98 | Difference=13.30
ROCE | M&M | Engine=10.46 | Source=26.98 | Difference=16.52
ROCE | M&M | Engine=11.23 | Source=26.98 | Difference=15.75
ROCE | M&M | Engine=10.09 | Source=26.98 | Difference=16.89
ROCE | M&M | Engine=10.73 | Source=26.98 | Difference=16.25
ROCE | M&M | Engine=10.12 | Source=26.98 | Difference=16.86
ROE | M&M | Engine=-0.80 | Source=17.99 | Difference=18.79
ROCE | M&M | Engine=5.56 | Source=26.98 | Difference=21.42
ROE | M&M | Engine=3.64 | Source=17.99 | Difference=14.35
ROCE | M&M | Engine=6.64 | Source=26.98 | Difference=20.34
ROCE | M&M | Engine=8.96 | Source=26.98 | Difference=18.02
ROCE | M&M | Engine=10.72 | Source=26.98 | Difference=16.26
ROCE | M&M | Engine=11.54 | Source=26.98 | Difference=15.44
ROCE | MARUTI | Engine=12.00 | Source=23.67 | Difference=11.67
ROCE | MARUTI | Engine=13.59 | Source=23.67 | Difference=10.08
ROCE | MARUTI | Engine=17.52 | Source=23.67 | Difference=6.15
ROCE | MARUTI | Engine=17.00 | Source=23.67 | Difference=6.67
ROCE | MARUTI | Engine=7.72 | Source=23.67 | Difference=15.95
ROE | MARUTI | Engine=8.36 | Source=15.75 | Difference=7.39
ROCE | MARUTI | Engine=4.48 | Source=23.67 | Difference=19.19
ROE | MARUTI | Engine=7.01 | Source=15.75 | Difference=8.74
ROCE | MARUTI | Engine=5.31 | Source=23.67 | Difference=18.36
ROCE | MARUTI | Engine=10.91 | Source=23.67 | Difference=12.76
ROCE | MARUTI | Engine=15.59 | Source=23.67 | Difference=8.08
ROE | MOTHERSON | Engine=19.75 | Source=11.80 | Difference=7.95
ROE | MOTHERSON | Engine=37.07 | Source=11.80 | Difference=25.27
ROCE | MOTHERSON | Engine=20.26 | Source=13.70 | Difference=6.56
ROE | MOTHERSON | Engine=38.87 | Source=11.80 | Difference=27.07
ROCE | MOTHERSON | Engine=22.74 | Source=13.70 | Difference=9.04
ROE | MOTHERSON | Engine=40.35 | Source=11.80 | Difference=28.55
ROCE | MOTHERSON | Engine=23.51 | Source=13.70 | Difference=9.81
ROE | MOTHERSON | Engine=26.26 | Source=11.80 | Difference=14.46
ROE | MOTHERSON | Engine=22.87 | Source=11.80 | Difference=11.07
ROE | MOTHERSON | Engine=19.14 | Source=11.80 | Difference=7.34
ROCE | MOTHERSON | Engine=7.92 | Source=13.70 | Difference=5.78
ROCE | MOTHERSON | Engine=5.90 | Source=13.70 | Difference=7.80
ROE | MOTHERSON | Engine=5.74 | Source=11.80 | Difference=6.06
ROCE | MOTHERSON | Engine=5.06 | Source=13.70 | Difference=8.64
ROCE | MOTHERSON | Engine=8.59 | Source=13.70 | Difference=5.11
ROE | NAUKRI | Engine=12.50 | Source=2.44 | Difference=10.06
ROCE | NAUKRI | Engine=17.90 | Source=3.65 | Difference=14.25
ROE | NAUKRI | Engine=8.93 | Source=2.44 | Difference=6.49
ROCE | NAUKRI | Engine=11.29 | Source=3.65 | Difference=7.64
ROCE | NAUKRI | Engine=-1.84 | Source=3.65 | Difference=5.49
ROE | NAUKRI | Engine=7.65 | Source=2.44 | Difference=5.21
ROE | NAUKRI | Engine=-2.70 | Source=2.44 | Difference=5.14
ROCE | NAUKRI | Engine=-2.64 | Source=3.65 | Difference=6.29
ROE | NAUKRI | Engine=24.50 | Source=2.44 | Difference=22.06
ROCE | NAUKRI | Engine=9.24 | Source=3.65 | Difference=5.59
ROE | NAUKRI | Engine=23.28 | Source=2.44 | Difference=20.84
ROE | NAUKRI | Engine=-11.21 | Source=2.44 | Difference=13.65
ROCE | NAUKRI | Engine=-17.52 | Source=3.65 | Difference=21.17
ROE | NAUKRI | Engine=26.28 | Source=2.44 | Difference=23.84
ROE | NAUKRI | Engine=74.71 | Source=2.44 | Difference=72.27
ROE | NESTLEIND | Engine=47.17 | Source=135.61 | Difference=88.44
ROCE | NESTLEIND | Engine=45.49 | Source=185.43 | Difference=139.94
ROE | NESTLEIND | Engine=41.77 | Source=135.61 | Difference=93.84
ROCE | NESTLEIND | Engine=59.54 | Source=185.43 | Difference=125.89
ROE | NESTLEIND | Engine=19.99 | Source=135.61 | Difference=115.62
ROCE | NESTLEIND | Engine=42.61 | Source=185.43 | Difference=142.82
ROE | NESTLEIND | Engine=30.50 | Source=135.61 | Difference=105.11
ROCE | NESTLEIND | Engine=45.13 | Source=185.43 | Difference=140.30
ROE | NESTLEIND | Engine=35.82 | Source=135.61 | Difference=99.79
ROCE | NESTLEIND | Engine=50.80 | Source=185.43 | Difference=134.63
ROE | NESTLEIND | Engine=43.75 | Source=135.61 | Difference=91.86
ROCE | NESTLEIND | Engine=61.54 | Source=185.43 | Difference=123.89
ROE | NESTLEIND | Engine=102.61 | Source=135.61 | Difference=33.00
ROCE | NESTLEIND | Engine=121.31 | Source=185.43 | Difference=64.12
ROE | NESTLEIND | Engine=103.12 | Source=135.61 | Difference=32.49
ROCE | NESTLEIND | Engine=130.75 | Source=185.43 | Difference=54.68
ROE | NESTLEIND | Engine=108.84 | Source=135.61 | Difference=26.77
ROCE | NESTLEIND | Engine=143.35 | Source=185.43 | Difference=42.08
ROE | NESTLEIND | Engine=97.23 | Source=135.61 | Difference=38.38
ROCE | NESTLEIND | Engine=120.99 | Source=185.43 | Difference=64.44
ROE | NESTLEIND | Engine=121.96 | Source=135.61 | Difference=13.65
ROCE | NESTLEIND | Engine=148.06 | Source=185.43 | Difference=37.37
ROE | NESTLEIND | Engine=117.75 | Source=135.61 | Difference=17.86
ROCE | NESTLEIND | Engine=143.15 | Source=185.43 | Difference=42.28
ROCE | NTPC | Engine=4.94 | Source=10.58 | Difference=5.64
ROCE | ONGC | Engine=10.36 | Source=19.71 | Difference=9.35
ROE | ONGC | Engine=6.62 | Source=14.32 | Difference=7.70
ROCE | ONGC | Engine=9.35 | Source=19.71 | Difference=10.36
ROCE | ONGC | Engine=11.91 | Source=19.71 | Difference=7.80
ROCE | ONGC | Engine=10.88 | Source=19.71 | Difference=8.83
ROE | ONGC | Engine=5.59 | Source=14.32 | Difference=8.73
ROCE | ONGC | Engine=7.61 | Source=19.71 | Difference=12.10
ROCE | ONGC | Engine=6.76 | Source=19.71 | Difference=12.95
ROCE | ONGC | Engine=13.89 | Source=19.71 | Difference=5.82
ROCE | ONGC | Engine=12.05 | Source=19.71 | Difference=7.66
ROCE | PFC | Engine=3.67 | Source=9.96 | Difference=6.29
ROCE | PFC | Engine=4.07 | Source=9.96 | Difference=5.89
ROCE | PFC | Engine=3.82 | Source=9.96 | Difference=6.14
ROCE | PFC | Engine=3.86 | Source=9.96 | Difference=6.10
ROE | PFC | Engine=6.07 | Source=19.49 | Difference=13.42
ROCE | PFC | Engine=2.18 | Source=9.96 | Difference=7.78
ROCE | PFC | Engine=2.44 | Source=9.96 | Difference=7.52
ROE | PFC | Engine=26.82 | Source=19.49 | Difference=7.33
ROCE | PFC | Engine=3.03 | Source=9.96 | Difference=6.93
ROCE | PFC | Engine=2.17 | Source=9.96 | Difference=7.79
ROE | PFC | Engine=25.86 | Source=19.49 | Difference=6.37
ROCE | PFC | Engine=2.75 | Source=9.96 | Difference=7.21
ROE | PFC | Engine=26.18 | Source=19.49 | Difference=6.69
ROCE | PFC | Engine=3.18 | Source=9.96 | Difference=6.78
ROE | PFC | Engine=25.17 | Source=19.49 | Difference=5.68
ROCE | PFC | Engine=3.17 | Source=9.96 | Difference=6.79
ROE | PFC | Engine=26.16 | Source=19.49 | Difference=6.67
ROCE | PFC | Engine=3.48 | Source=9.96 | Difference=6.48
ROE | PIDILITIND | Engine=30.59 | Source=22.80 | Difference=7.79
ROCE | PIDILITIND | Engine=39.48 | Source=29.70 | Difference=9.78
ROCE | PIDILITIND | Engine=23.70 | Source=29.70 | Difference=6.00
ROCE | PIDILITIND | Engine=22.57 | Source=29.70 | Difference=7.13
ROE | PNB | Engine=812.30 | Source=8.70 | Difference=803.60
ROE | PNB | Engine=812.30 | Source=8.70 | Difference=803.60
ROE | PNB | Engine=812.30 | Source=8.70 | Difference=803.60
ROE | PNB | Engine=812.30 | Source=8.70 | Difference=803.60
ROE | PNB | Engine=812.30 | Source=8.70 | Difference=803.60
ROE | PNB | Engine=393.36 | Source=8.70 | Difference=384.66
ROE | PNB | Engine=393.36 | Source=8.70 | Difference=384.66
ROE | PNB | Engine=393.36 | Source=8.70 | Difference=384.66
ROE | PNB | Engine=393.36 | Source=8.70 | Difference=384.66
ROE | PNB | Engine=393.36 | Source=8.70 | Difference=384.66
ROE | PNB | Engine=223.24 | Source=8.70 | Difference=214.54
ROE | PNB | Engine=223.24 | Source=8.70 | Difference=214.54
ROE | PNB | Engine=223.24 | Source=8.70 | Difference=214.54
ROE | PNB | Engine=223.24 | Source=8.70 | Difference=214.54
ROE | PNB | Engine=223.24 | Source=8.70 | Difference=214.54
ROE | PNB | Engine=-163.56 | Source=8.70 | Difference=172.26
ROE | PNB | Engine=-163.56 | Source=8.70 | Difference=172.26
ROE | PNB | Engine=-163.56 | Source=8.70 | Difference=172.26
ROE | PNB | Engine=-163.56 | Source=8.70 | Difference=172.26
ROE | PNB | Engine=-163.56 | Source=8.70 | Difference=172.26
ROE | PNB | Engine=22.21 | Source=8.70 | Difference=13.51
ROE | PNB | Engine=22.21 | Source=8.70 | Difference=13.51
ROE | PNB | Engine=22.21 | Source=8.70 | Difference=13.51
ROE | PNB | Engine=22.21 | Source=8.70 | Difference=13.51
ROE | PNB | Engine=22.21 | Source=8.70 | Difference=13.51
ROE | PNB | Engine=-184.37 | Source=8.70 | Difference=193.07
ROE | PNB | Engine=-184.37 | Source=8.70 | Difference=193.07
ROE | PNB | Engine=-184.37 | Source=8.70 | Difference=193.07
ROE | PNB | Engine=-184.37 | Source=8.70 | Difference=193.07
ROE | PNB | Engine=-184.37 | Source=8.70 | Difference=193.07
ROE | PNB | Engine=-128.45 | Source=8.70 | Difference=137.15
ROE | PNB | Engine=-128.45 | Source=8.70 | Difference=137.15
ROE | PNB | Engine=-128.45 | Source=8.70 | Difference=137.15
ROE | PNB | Engine=-128.45 | Source=8.70 | Difference=137.15
ROE | PNB | Engine=-128.45 | Source=8.70 | Difference=137.15
ROE | PNB | Engine=30.39 | Source=8.70 | Difference=21.69
ROE | PNB | Engine=30.39 | Source=8.70 | Difference=21.69
ROE | PNB | Engine=30.39 | Source=8.70 | Difference=21.69
ROE | PNB | Engine=30.39 | Source=8.70 | Difference=21.69
ROE | PNB | Engine=30.39 | Source=8.70 | Difference=21.69
ROE | PNB | Engine=39.87 | Source=8.70 | Difference=31.17
ROE | PNB | Engine=39.87 | Source=8.70 | Difference=31.17
ROE | PNB | Engine=39.87 | Source=8.70 | Difference=31.17
ROE | PNB | Engine=39.87 | Source=8.70 | Difference=31.17
ROE | PNB | Engine=39.87 | Source=8.70 | Difference=31.17
ROE | PNB | Engine=30.67 | Source=8.70 | Difference=21.97
ROE | PNB | Engine=30.67 | Source=8.70 | Difference=21.97
ROE | PNB | Engine=30.67 | Source=8.70 | Difference=21.97
ROE | PNB | Engine=30.67 | Source=8.70 | Difference=21.97
ROE | PNB | Engine=30.67 | Source=8.70 | Difference=21.97
ROE | PNB | Engine=61.32 | Source=8.70 | Difference=52.62
ROE | PNB | Engine=61.32 | Source=8.70 | Difference=52.62
ROE | PNB | Engine=61.32 | Source=8.70 | Difference=52.62
ROE | PNB | Engine=61.32 | Source=8.70 | Difference=52.62
ROE | PNB | Engine=61.32 | Source=8.70 | Difference=52.62
ROCE | POWERGRID | Engine=7.75 | Source=13.20 | Difference=5.45
ROCE | POWERGRID | Engine=7.75 | Source=13.20 | Difference=5.45
ROE | POWERGRID | Engine=13.11 | Source=19.00 | Difference=5.89
ROCE | POWERGRID | Engine=7.47 | Source=13.20 | Difference=5.73
ROE | POWERGRID | Engine=13.11 | Source=19.00 | Difference=5.89
ROCE | POWERGRID | Engine=7.47 | Source=13.20 | Difference=5.73
ROE | POWERGRID | Engine=13.13 | Source=19.00 | Difference=5.87
ROCE | POWERGRID | Engine=7.24 | Source=13.20 | Difference=5.96
ROE | POWERGRID | Engine=13.13 | Source=19.00 | Difference=5.87
ROCE | POWERGRID | Engine=7.24 | Source=13.20 | Difference=5.96
ROE | POWERGRID | Engine=13.55 | Source=19.00 | Difference=5.45
ROCE | POWERGRID | Engine=7.87 | Source=13.20 | Difference=5.33
ROE | POWERGRID | Engine=13.55 | Source=19.00 | Difference=5.45
ROCE | POWERGRID | Engine=7.87 | Source=13.20 | Difference=5.33
ROCE | POWERGRID | Engine=7.97 | Source=13.20 | Difference=5.23
ROCE | POWERGRID | Engine=7.97 | Source=13.20 | Difference=5.23
ROE | RECLTD | Engine=13.66 | Source=22.20 | Difference=8.54
ROE | RECLTD | Engine=16.62 | Source=22.20 | Difference=5.58
ROE | RECLTD | Engine=14.05 | Source=22.20 | Difference=8.15
ROE | SBILIFE | Engine=23.03 | Source=12.00 | Difference=11.03
ROE | SBILIFE | Engine=21.69 | Source=12.00 | Difference=9.69
ROE | SBILIFE | Engine=20.09 | Source=12.00 | Difference=8.09
ROCE | SBILIFE | Engine=18.74 | Source=13.20 | Difference=5.54
ROE | SBILIFE | Engine=17.83 | Source=12.00 | Difference=5.83
ROCE | SBILIFE | Engine=18.66 | Source=13.20 | Difference=5.46
ROE | SBILIFE | Engine=17.20 | Source=12.00 | Difference=5.20
ROCE | SBILIFE | Engine=18.37 | Source=13.20 | Difference=5.17
ROE | SBILIFE | Engine=17.62 | Source=12.00 | Difference=5.62
ROCE | SBILIFE | Engine=19.50 | Source=13.20 | Difference=6.30
ROE | SBILIFE | Engine=17.52 | Source=12.00 | Difference=5.52
ROCE | SBILIFE | Engine=18.24 | Source=13.20 | Difference=5.04
ROCE | SBILIFE | Engine=7.43 | Source=13.20 | Difference=5.77
ROCE | SBILIFE | Engine=5.64 | Source=13.20 | Difference=7.56
ROCE | SBILIFE | Engine=0.41 | Source=13.20 | Difference=12.79
ROCE | SBILIFE | Engine=1.14 | Source=13.20 | Difference=12.06
ROE | SHREECEM | Engine=26.12 | Source=12.20 | Difference=13.92
ROCE | SHREECEM | Engine=21.92 | Source=14.80 | Difference=7.12
ROCE | SHREECEM | Engine=6.77 | Source=14.80 | Difference=8.03
ROE | SHREECEM | Engine=17.39 | Source=12.20 | Difference=5.19
ROCE | SHREECEM | Engine=6.08 | Source=14.80 | Difference=8.72
ROCE | SHRIRAMFIN | Engine=5.29 | Source=11.30 | Difference=6.01
ROCE | SHRIRAMFIN | Engine=4.17 | Source=11.30 | Difference=7.13
ROCE | SHRIRAMFIN | Engine=2.94 | Source=11.30 | Difference=8.36
ROCE | SHRIRAMFIN | Engine=2.98 | Source=11.30 | Difference=8.32
ROCE | SHRIRAMFIN | Engine=3.01 | Source=11.30 | Difference=8.29
ROCE | SHRIRAMFIN | Engine=3.93 | Source=11.30 | Difference=7.37
ROCE | SHRIRAMFIN | Engine=3.62 | Source=11.30 | Difference=7.68
ROCE | SHRIRAMFIN | Engine=3.03 | Source=11.30 | Difference=8.27
ROCE | SHRIRAMFIN | Engine=2.55 | Source=11.30 | Difference=8.75
ROE | SHRIRAMFIN | Engine=10.43 | Source=15.90 | Difference=5.47
ROCE | SHRIRAMFIN | Engine=2.51 | Source=11.30 | Difference=8.79
ROCE | SHRIRAMFIN | Engine=3.95 | Source=11.30 | Difference=7.35
ROCE | SHRIRAMFIN | Engine=4.06 | Source=11.30 | Difference=7.24
ROE | SIEMENS | Engine=13.78 | Source=19.10 | Difference=5.32
ROCE | SIEMENS | Engine=-2.51 | Source=25.60 | Difference=28.11
ROCE | SIEMENS | Engine=15.05 | Source=25.60 | Difference=10.55
ROE | SIEMENS | Engine=42.83 | Source=19.10 | Difference=23.73
ROCE | SIEMENS | Engine=11.61 | Source=25.60 | Difference=13.99
ROCE | SIEMENS | Engine=11.16 | Source=25.60 | Difference=14.44
ROE | SIEMENS | Engine=10.86 | Source=19.10 | Difference=8.24
ROCE | SIEMENS | Engine=13.60 | Source=25.60 | Difference=12.00
ROE | SIEMENS | Engine=12.14 | Source=19.10 | Difference=6.96
ROCE | SIEMENS | Engine=14.27 | Source=25.60 | Difference=11.33
ROE | SIEMENS | Engine=8.10 | Source=19.10 | Difference=11.00
ROCE | SIEMENS | Engine=7.91 | Source=25.60 | Difference=17.69
ROE | SIEMENS | Engine=10.52 | Source=19.10 | Difference=8.58
ROCE | SIEMENS | Engine=11.16 | Source=25.60 | Difference=14.44
ROE | SIEMENS | Engine=13.29 | Source=19.10 | Difference=5.81
ROCE | SIEMENS | Engine=13.09 | Source=25.60 | Difference=12.51
ROCE | SIEMENS | Engine=16.33 | Source=25.60 | Difference=9.27
ROCE | SIEMENS | Engine=17.74 | Source=25.60 | Difference=7.86
ROE | SUNPHARMA | Engine=23.14 | Source=16.70 | Difference=6.44
ROCE | SUNPHARMA | Engine=29.17 | Source=17.30 | Difference=11.87
ROCE | SUNPHARMA | Engine=31.27 | Source=17.30 | Difference=13.97
ROE | SUNPHARMA | Engine=6.63 | Source=16.70 | Difference=10.07
ROCE | SUNPHARMA | Engine=8.48 | Source=17.30 | Difference=8.82
ROE | SUNPHARMA | Engine=7.75 | Source=16.70 | Difference=8.95
ROCE | SUNPHARMA | Engine=8.91 | Source=17.30 | Difference=8.39
ROE | SUNPHARMA | Engine=9.22 | Source=16.70 | Difference=7.48
ROCE | SUNPHARMA | Engine=9.20 | Source=17.30 | Difference=8.10
ROE | SUNPHARMA | Engine=4.89 | Source=16.70 | Difference=11.81
ROE | SUNPHARMA | Engine=7.06 | Source=16.70 | Difference=9.64
ROE | TATACONSUM | Engine=-0.59 | Source=8.32 | Difference=8.91
ROCE | TATACONSUM | Engine=3.28 | Source=10.60 | Difference=7.32
ROE | TATAMOTORS | Engine=26.51 | Source=49.40 | Difference=22.89
ROE | TATAMOTORS | Engine=21.42 | Source=49.40 | Difference=27.98
ROE | TATAMOTORS | Engine=25.01 | Source=49.40 | Difference=24.39
ROE | TATAMOTORS | Engine=14.79 | Source=49.40 | Difference=34.61
ROCE | TATAMOTORS | Engine=14.62 | Source=20.10 | Difference=5.48
ROE | TATAMOTORS | Engine=13.02 | Source=49.40 | Difference=36.38
ROCE | TATAMOTORS | Engine=8.55 | Source=20.10 | Difference=11.55
ROE | TATAMOTORS | Engine=9.53 | Source=49.40 | Difference=39.87
ROCE | TATAMOTORS | Engine=5.37 | Source=20.10 | Difference=14.73
ROE | TATAMOTORS | Engine=-47.73 | Source=49.40 | Difference=97.13
ROCE | TATAMOTORS | Engine=0.65 | Source=20.10 | Difference=19.45
ROE | TATAMOTORS | Engine=-18.98 | Source=49.40 | Difference=68.38
ROCE | TATAMOTORS | Engine=-1.83 | Source=20.10 | Difference=21.93
ROE | TATAMOTORS | Engine=-24.25 | Source=49.40 | Difference=73.65
ROCE | TATAMOTORS | Engine=4.43 | Source=20.10 | Difference=15.67
ROE | TATAMOTORS | Engine=-25.38 | Source=49.40 | Difference=74.78
ROCE | TATAMOTORS | Engine=-0.06 | Source=20.10 | Difference=20.16
ROE | TATAMOTORS | Engine=5.94 | Source=49.40 | Difference=43.46
ROCE | TATAMOTORS | Engine=3.88 | Source=20.10 | Difference=16.22
ROE | TATAMOTORS | Engine=37.46 | Source=49.40 | Difference=11.94
ROE | TATAPOWER | Engine=1.00 | Source=11.30 | Difference=10.30
ROE | TATAPOWER | Engine=0.10 | Source=11.30 | Difference=11.20
ROE | TATAPOWER | Engine=3.19 | Source=11.30 | Difference=8.11
ROCE | TATAPOWER | Engine=0.90 | Source=11.10 | Difference=10.20
ROCE | TATAPOWER | Engine=5.67 | Source=11.10 | Difference=5.43
ROCE | TATAPOWER | Engine=-0.08 | Source=11.10 | Difference=11.18
ROCE | TATAPOWER | Engine=1.01 | Source=11.10 | Difference=10.09
ROCE | TATAPOWER | Engine=5.83 | Source=11.10 | Difference=5.27
ROCE | TATAPOWER | Engine=6.05 | Source=11.10 | Difference=5.05
ROCE | TATAPOWER | Engine=5.31 | Source=11.10 | Difference=5.79
ROCE | TATAPOWER | Engine=5.25 | Source=11.10 | Difference=5.85
ROE | TATASTEEL | Engine=-21.28 | Source=6.55 | Difference=27.83
ROCE | TATASTEEL | Engine=-1.57 | Source=7.02 | Difference=8.59
ROE | TATASTEEL | Engine=-12.56 | Source=6.55 | Difference=19.11
ROCE | TATASTEEL | Engine=-2.26 | Source=7.02 | Difference=9.28
ROE | TATASTEEL | Engine=-1.14 | Source=6.55 | Difference=7.69
ROCE | TATASTEEL | Engine=-4.72 | Source=7.02 | Difference=11.74
ROE | TATASTEEL | Engine=-11.02 | Source=6.55 | Difference=17.57
ROE | TATASTEEL | Engine=29.15 | Source=6.55 | Difference=22.60
ROE | TATASTEEL | Engine=13.23 | Source=6.55 | Difference=6.68
ROCE | TATASTEEL | Engine=12.95 | Source=7.02 | Difference=5.93
ROCE | TATASTEEL | Engine=13.07 | Source=7.02 | Difference=6.05
ROE | TATASTEEL | Engine=36.48 | Source=6.55 | Difference=29.93
ROCE | TATASTEEL | Engine=28.63 | Source=7.02 | Difference=21.61
ROCE | TATASTEEL | Engine=12.22 | Source=7.02 | Difference=5.20
ROE | TATASTEEL | Engine=-5.33 | Source=6.55 | Difference=11.88
ROE | TCS | Engine=36.52 | Source=0.52 | Difference=36.00
ROCE | TCS | Engine=43.62 | Source=64.30 | Difference=20.68
ROE | TCS | Engine=39.30 | Source=0.52 | Difference=38.78
ROCE | TCS | Engine=48.10 | Source=64.30 | Difference=16.20
ROE | TCS | Engine=39.62 | Source=0.52 | Difference=39.10
ROCE | TCS | Engine=44.48 | Source=64.30 | Difference=19.82
ROE | TCS | Engine=34.24 | Source=0.52 | Difference=33.72
ROCE | TCS | Engine=40.37 | Source=64.30 | Difference=23.93
ROE | TCS | Engine=30.57 | Source=0.52 | Difference=30.05
ROCE | TCS | Engine=35.06 | Source=64.30 | Difference=29.24
ROE | TCS | Engine=30.40 | Source=0.52 | Difference=29.88
ROCE | TCS | Engine=35.73 | Source=64.30 | Difference=28.57
ROE | TCS | Engine=35.29 | Source=0.52 | Difference=34.77
ROCE | TCS | Engine=41.84 | Source=64.30 | Difference=22.46
ROE | TCS | Engine=38.57 | Source=0.52 | Difference=38.05
ROCE | TCS | Engine=41.80 | Source=64.30 | Difference=22.50
ROE | TCS | Engine=37.67 | Source=0.52 | Difference=37.15
ROCE | TCS | Engine=45.08 | Source=64.30 | Difference=19.22
ROE | TCS | Engine=43.13 | Source=0.52 | Difference=42.61
ROCE | TCS | Engine=49.97 | Source=64.30 | Difference=14.33
ROE | TCS | Engine=46.78 | Source=0.52 | Difference=46.26
ROCE | TCS | Engine=55.28 | Source=64.30 | Difference=9.02
ROE | TCS | Engine=50.94 | Source=0.52 | Difference=50.42
ROE | TECHM | Engine=24.09 | Source=8.63 | Difference=15.46
ROCE | TECHM | Engine=17.95 | Source=11.90 | Difference=6.05
ROE | TECHM | Engine=24.09 | Source=8.63 | Difference=15.46
ROCE | TECHM | Engine=17.95 | Source=11.90 | Difference=6.05
ROE | TECHM | Engine=33.35 | Source=8.63 | Difference=24.72
ROCE | TECHM | Engine=38.24 | Source=11.90 | Difference=26.34
ROE | TECHM | Engine=33.35 | Source=8.63 | Difference=24.72
ROCE | TECHM | Engine=38.24 | Source=11.90 | Difference=26.34
ROE | TECHM | Engine=21.71 | Source=8.63 | Difference=13.08
ROCE | TECHM | Engine=27.66 | Source=11.90 | Difference=15.76
ROE | TECHM | Engine=21.71 | Source=8.63 | Difference=13.08
ROCE | TECHM | Engine=27.66 | Source=11.90 | Difference=15.76
ROE | TECHM | Engine=20.75 | Source=8.63 | Difference=12.12
ROCE | TECHM | Engine=22.32 | Source=11.90 | Difference=10.42
ROE | TECHM | Engine=20.75 | Source=8.63 | Difference=12.12
ROCE | TECHM | Engine=22.32 | Source=11.90 | Difference=10.42
ROE | TECHM | Engine=17.35 | Source=8.63 | Difference=8.72
ROCE | TECHM | Engine=18.01 | Source=11.90 | Difference=6.11
ROE | TECHM | Engine=17.35 | Source=8.63 | Difference=8.72
ROCE | TECHM | Engine=18.01 | Source=11.90 | Difference=6.11
ROE | TECHM | Engine=20.09 | Source=8.63 | Difference=11.46
ROCE | TECHM | Engine=17.07 | Source=11.90 | Difference=5.17
ROE | TECHM | Engine=20.09 | Source=8.63 | Difference=11.46
ROCE | TECHM | Engine=17.07 | Source=11.90 | Difference=5.17
ROE | TECHM | Engine=21.14 | Source=8.63 | Difference=12.51
ROCE | TECHM | Engine=23.08 | Source=11.90 | Difference=11.18
ROE | TECHM | Engine=21.14 | Source=8.63 | Difference=12.51
ROCE | TECHM | Engine=23.08 | Source=11.90 | Difference=11.18
ROE | TECHM | Engine=17.87 | Source=8.63 | Difference=9.24
ROE | TECHM | Engine=17.87 | Source=8.63 | Difference=9.24
ROE | TECHM | Engine=17.51 | Source=8.63 | Difference=8.88
ROCE | TECHM | Engine=19.22 | Source=11.90 | Difference=7.32
ROE | TECHM | Engine=17.51 | Source=8.63 | Difference=8.88
ROCE | TECHM | Engine=19.22 | Source=11.90 | Difference=7.32
ROE | TECHM | Engine=20.94 | Source=8.63 | Difference=12.31
ROCE | TECHM | Engine=22.03 | Source=11.90 | Difference=10.13
ROE | TECHM | Engine=20.94 | Source=8.63 | Difference=12.31
ROCE | TECHM | Engine=22.03 | Source=11.90 | Difference=10.13
ROE | TECHM | Engine=17.39 | Source=8.63 | Difference=8.76
ROCE | TECHM | Engine=18.93 | Source=11.90 | Difference=7.03
ROE | TECHM | Engine=17.39 | Source=8.63 | Difference=8.76
ROCE | TECHM | Engine=18.93 | Source=11.90 | Difference=7.03
ROCE | TITAN | Engine=48.63 | Source=22.70 | Difference=25.93
ROCE | TITAN | Engine=29.40 | Source=22.70 | Difference=6.70
ROE | TITAN | Engine=26.46 | Source=32.90 | Difference=6.44
ROCE | TITAN | Engine=33.39 | Source=22.70 | Difference=10.69
ROE | TITAN | Engine=19.25 | Source=32.90 | Difference=13.65
ROE | TITAN | Engine=16.47 | Source=32.90 | Difference=16.43
ROCE | TITAN | Engine=17.22 | Source=22.70 | Difference=5.48
ROE | TITAN | Engine=21.65 | Source=32.90 | Difference=11.25
ROE | TITAN | Engine=22.88 | Source=32.90 | Difference=10.02
ROE | TITAN | Engine=22.39 | Source=32.90 | Difference=10.51
ROE | TITAN | Engine=12.99 | Source=32.90 | Difference=19.91
ROCE | TITAN | Engine=10.28 | Source=22.70 | Difference=12.42
ROE | TITAN | Engine=23.63 | Source=32.90 | Difference=9.27
ROE | TITAN | Engine=27.63 | Source=32.90 | Difference=5.27
ROE | TORNTPHARM | Engine=30.59 | Source=24.20 | Difference=6.39
ROCE | TORNTPHARM | Engine=29.03 | Source=23.20 | Difference=5.83
ROE | TORNTPHARM | Engine=34.89 | Source=24.20 | Difference=10.69
ROCE | TORNTPHARM | Engine=28.60 | Source=23.20 | Difference=5.40
ROE | TORNTPHARM | Engine=30.15 | Source=24.20 | Difference=5.95
ROCE | TORNTPHARM | Engine=15.85 | Source=23.20 | Difference=7.35
ROE | TORNTPHARM | Engine=49.60 | Source=24.20 | Difference=25.40
ROCE | TORNTPHARM | Engine=42.68 | Source=23.20 | Difference=19.48
ROCE | TORNTPHARM | Engine=15.60 | Source=23.20 | Difference=7.60
ROE | TORNTPHARM | Engine=14.67 | Source=24.20 | Difference=9.53
ROCE | TORNTPHARM | Engine=8.48 | Source=23.20 | Difference=14.72
ROE | TORNTPHARM | Engine=9.23 | Source=24.20 | Difference=14.97
ROCE | TORNTPHARM | Engine=12.68 | Source=23.20 | Difference=10.52
ROCE | TORNTPHARM | Engine=14.29 | Source=23.20 | Difference=8.91
ROCE | TORNTPHARM | Engine=17.01 | Source=23.20 | Difference=6.19
ROE | TORNTPHARM | Engine=13.05 | Source=24.20 | Difference=11.15
ROCE | TORNTPHARM | Engine=17.65 | Source=23.20 | Difference=5.55
ROE | TRENT | Engine=-2.19 | Source=27.20 | Difference=29.39
ROCE | TRENT | Engine=-2.54 | Source=23.80 | Difference=26.34
ROE | TRENT | Engine=-1.92 | Source=27.20 | Difference=29.12
ROCE | TRENT | Engine=-4.84 | Source=23.80 | Difference=28.64
ROE | TRENT | Engine=9.07 | Source=27.20 | Difference=18.13
ROCE | TRENT | Engine=0.77 | Source=23.80 | Difference=23.03
ROE | TRENT | Engine=3.76 | Source=27.20 | Difference=23.44
ROCE | TRENT | Engine=2.74 | Source=23.80 | Difference=21.06
ROE | TRENT | Engine=5.49 | Source=27.20 | Difference=21.71
ROCE | TRENT | Engine=4.80 | Source=23.80 | Difference=19.00
ROE | TRENT | Engine=5.45 | Source=27.20 | Difference=21.75
ROCE | TRENT | Engine=8.16 | Source=23.80 | Difference=15.64
ROE | TRENT | Engine=5.77 | Source=27.20 | Difference=21.43
ROCE | TRENT | Engine=8.83 | Source=23.80 | Difference=14.97
ROE | TRENT | Engine=4.44 | Source=27.20 | Difference=22.76
ROCE | TRENT | Engine=10.49 | Source=23.80 | Difference=13.31
ROE | TRENT | Engine=-7.83 | Source=27.20 | Difference=35.03
ROCE | TRENT | Engine=-5.47 | Source=23.80 | Difference=29.27
ROE | TRENT | Engine=1.48 | Source=27.20 | Difference=25.72
ROCE | TRENT | Engine=4.01 | Source=23.80 | Difference=19.79
ROE | TRENT | Engine=15.18 | Source=27.20 | Difference=12.02
ROCE | TRENT | Engine=8.78 | Source=23.80 | Difference=15.02
ROE | TRENT | Engine=36.31 | Source=27.20 | Difference=9.11
